#
# There is insufficient memory for the Java Runtime Environment to continue.
# Native memory allocation (malloc) failed to allocate 1653184 bytes for Chunk::new
# Possible reasons:
#   The system is out of physical RAM or swap space
#   The process is running with CompressedOops enabled, and the Java Heap may be blocking the growth of the native heap
# Possible solutions:
#   Reduce memory load on the system
#   Increase physical memory or swap space
#   Check if swap backing store is full
#   Decrease Java heap size (-Xmx/-Xms)
#   Decrease number of Java threads
#   Decrease Java thread stack sizes (-Xss)
#   Set larger code cache with -XX:ReservedCodeCacheSize=
#   JVM is running with Unscaled Compressed Oops mode in which the Java heap is
#     placed in the first 4GB address space. The Java Heap base address is the
#     maximum limit for the native heap growth. Please use -XX:HeapBaseMinAddress
#     to set the Java Heap base and to place the Java Heap above 4GB virtual address.
# This output file may be truncated or incomplete.
#
#  Out of Memory Error (arena.cpp:191), pid=2956, tid=20932
#
# JRE version: OpenJDK Runtime Environment (17.0.10) (build 17.0.10+0--11609105)
# Java VM: OpenJDK 64-Bit Server VM (17.0.10+0--11609105, mixed mode, tiered, compressed oops, compressed class ptrs, g1 gc, windows-amd64)
# No core dump will be written. Minidumps are not enabled by default on client versions of Windows
#

---------------  S U M M A R Y ------------

Command Line: --add-opens=java.base/java.util=ALL-UNNAMED --add-opens=java.base/java.lang=ALL-UNNAMED --add-opens=java.base/java.lang.invoke=ALL-UNNAMED --add-opens=java.prefs/java.util.prefs=ALL-UNNAMED --add-opens=java.base/java.nio.charset=ALL-UNNAMED --add-opens=java.base/java.net=ALL-UNNAMED --add-opens=java.base/java.util.concurrent.atomic=ALL-UNNAMED -Xmx2048m -Dfile.encoding=UTF-8 -Duser.country=SV -Duser.language=es -Duser.variant -javaagent:C:\Users\USUARIO\.gradle\wrapper\dists\gradle-8.7-bin\bhs2wmbdwecv87pi65oeuq5iu\gradle-8.7\lib\agents\gradle-instrumentation-agent-8.7.jar org.gradle.launcher.daemon.bootstrap.GradleDaemon 8.7

Host: Intel(R) Core(TM) i5-10400 CPU @ 2.90GHz, 12 cores, 15G,  Windows 11 , 64 bit Build 22621 (10.0.22621.3672)
Time: Sun Jul 21 16:38:13 2024 Hora estándar, América Central elapsed time: 4.791738 seconds (0d 0h 0m 4s)

---------------  T H R E A D  ---------------

Current thread (0x0000016f840acfb0):  JavaThread "C2 CompilerThread1" daemon [_thread_in_native, id=20932, stack(0x00000060b5f00000,0x00000060b6000000)]


Current CompileTask:
C2:   4791 4509   !   4       java.net.URLClassLoader::findClass (47 bytes)

Stack: [0x00000060b5f00000,0x00000060b6000000]
Native frames: (J=compiled Java code, j=interpreted, Vv=VM code, C=native code)
V  [jvm.dll+0x688de9]
V  [jvm.dll+0x8423da]
V  [jvm.dll+0x84401e]
V  [jvm.dll+0x844683]
V  [jvm.dll+0x24be0f]
V  [jvm.dll+0xac524]
V  [jvm.dll+0xacb6c]
V  [jvm.dll+0x36bd67]
V  [jvm.dll+0x1be002]
V  [jvm.dll+0x21dbf9]
V  [jvm.dll+0x21cec1]
V  [jvm.dll+0x1a60ad]
V  [jvm.dll+0x22cd78]
V  [jvm.dll+0x22aeb0]
V  [jvm.dll+0x7f6877]
V  [jvm.dll+0x7f0c7a]
V  [jvm.dll+0x687c65]
C  [ucrtbase.dll+0x29333]
C  [KERNEL32.DLL+0x1257d]
C  [ntdll.dll+0x5af28]


---------------  P R O C E S S  ---------------

Threads class SMR info:
_java_thread_list=0x0000016f87671500, length=56, elements={
0x0000016fe54ddea0, 0x0000016fff832890, 0x0000016fff833710, 0x0000016fff838d50,
0x0000016fff878020, 0x0000016fff87a150, 0x0000016fff87cc20, 0x0000016fff87d9c0,
0x0000016fff87e470, 0x0000016fff882980, 0x0000016fff9e2fb0, 0x0000016f84057830,
0x0000016f840acfb0, 0x0000016f8510ced0, 0x0000016f85cab4a0, 0x0000016f85919790,
0x0000016f85472e30, 0x0000016f8605f630, 0x0000016f8601a840, 0x0000016f85118d90,
0x0000016f85117950, 0x0000016f85117e60, 0x0000016f85118880, 0x0000016f85116510,
0x0000016f85115af0, 0x0000016f85116f30, 0x0000016f85117440, 0x0000016f85118370,
0x0000016f85116000, 0x0000016f85116a20, 0x0000016f86173b00, 0x0000016f861730e0,
0x0000016f86174520, 0x0000016f86174a30, 0x0000016f8616fe40, 0x0000016f86174f40,
0x0000016f86176380, 0x0000016f8616f420, 0x0000016f86174010, 0x0000016f86171280,
0x0000016f86175e70, 0x0000016f86170350, 0x0000016f86175450, 0x0000016f86171790,
0x0000016f86172bd0, 0x0000016f86175960, 0x0000016f86171ca0, 0x0000016f86176890,
0x0000016f8616f930, 0x0000016f86170860, 0x0000016f86170d70, 0x0000016f861721b0,
0x0000016f861726c0, 0x0000016f876a14f0, 0x0000016f8769d830, 0x0000016f8769ce10
}

Java Threads: ( => current thread )
  0x0000016fe54ddea0 JavaThread "main" [_thread_blocked, id=22520, stack(0x00000060b4c00000,0x00000060b4d00000)]
  0x0000016fff832890 JavaThread "Reference Handler" daemon [_thread_blocked, id=12508, stack(0x00000060b5300000,0x00000060b5400000)]
  0x0000016fff833710 JavaThread "Finalizer" daemon [_thread_blocked, id=23812, stack(0x00000060b5400000,0x00000060b5500000)]
  0x0000016fff838d50 JavaThread "Signal Dispatcher" daemon [_thread_blocked, id=2832, stack(0x00000060b5500000,0x00000060b5600000)]
  0x0000016fff878020 JavaThread "Attach Listener" daemon [_thread_blocked, id=14944, stack(0x00000060b5600000,0x00000060b5700000)]
  0x0000016fff87a150 JavaThread "Service Thread" daemon [_thread_blocked, id=22428, stack(0x00000060b5700000,0x00000060b5800000)]
  0x0000016fff87cc20 JavaThread "Monitor Deflation Thread" daemon [_thread_blocked, id=3256, stack(0x00000060b5800000,0x00000060b5900000)]
  0x0000016fff87d9c0 JavaThread "C2 CompilerThread0" daemon [_thread_in_native, id=7300, stack(0x00000060b5900000,0x00000060b5a00000)]
  0x0000016fff87e470 JavaThread "C1 CompilerThread0" daemon [_thread_blocked, id=2144, stack(0x00000060b5a00000,0x00000060b5b00000)]
  0x0000016fff882980 JavaThread "Sweeper thread" daemon [_thread_blocked, id=17648, stack(0x00000060b5b00000,0x00000060b5c00000)]
  0x0000016fff9e2fb0 JavaThread "Common-Cleaner" daemon [_thread_blocked, id=23304, stack(0x00000060b5c00000,0x00000060b5d00000)]
  0x0000016f84057830 JavaThread "Notification Thread" daemon [_thread_blocked, id=20520, stack(0x00000060b5d00000,0x00000060b5e00000)]
=>0x0000016f840acfb0 JavaThread "C2 CompilerThread1" daemon [_thread_in_native, id=20932, stack(0x00000060b5f00000,0x00000060b6000000)]
  0x0000016f8510ced0 JavaThread "C2 CompilerThread2" daemon [_thread_in_native, id=22000, stack(0x00000060b6000000,0x00000060b6100000)]
  0x0000016f85cab4a0 JavaThread "Daemon health stats" [_thread_blocked, id=6344, stack(0x00000060b6600000,0x00000060b6700000)]
  0x0000016f85919790 JavaThread "Incoming local TCP Connector on port 51558" [_thread_in_native, id=12520, stack(0x00000060b6700000,0x00000060b6800000)]
  0x0000016f85472e30 JavaThread "Daemon periodic checks" [_thread_blocked, id=4260, stack(0x00000060b6800000,0x00000060b6900000)]
  0x0000016f8605f630 JavaThread "Daemon" [_thread_blocked, id=12172, stack(0x00000060b6900000,0x00000060b6a00000)]
  0x0000016f8601a840 JavaThread "Handler for socket connection from /127.0.0.1:51558 to /127.0.0.1:51559" [_thread_in_native, id=7940, stack(0x00000060b6a00000,0x00000060b6b00000)]
  0x0000016f85118d90 JavaThread "Cancel handler" [_thread_blocked, id=4420, stack(0x00000060b6b00000,0x00000060b6c00000)]
  0x0000016f85117950 JavaThread "Daemon worker" [_thread_in_native, id=18560, stack(0x00000060b6c00000,0x00000060b6d00000)]
  0x0000016f85117e60 JavaThread "Asynchronous log dispatcher for DefaultDaemonConnection: socket connection from /127.0.0.1:51558 to /127.0.0.1:51559" [_thread_blocked, id=6832, stack(0x00000060b6d00000,0x00000060b6e00000)]
  0x0000016f85118880 JavaThread "Stdin handler" [_thread_blocked, id=16208, stack(0x00000060b6e00000,0x00000060b6f00000)]
  0x0000016f85116510 JavaThread "Daemon client event forwarder" [_thread_blocked, id=15420, stack(0x00000060b6f00000,0x00000060b7000000)]
  0x0000016f85115af0 JavaThread "Cache worker for journal cache (C:\Users\USUARIO\.gradle\caches\journal-1)" [_thread_blocked, id=14888, stack(0x00000060b7600000,0x00000060b7700000)]
  0x0000016f85116f30 JavaThread "File lock request listener" [_thread_in_native, id=3052, stack(0x00000060b7700000,0x00000060b7800000)]
  0x0000016f85117440 JavaThread "Cache worker for file hash cache (C:\Users\USUARIO\.gradle\caches\8.7\fileHashes)" [_thread_blocked, id=6916, stack(0x00000060b7800000,0x00000060b7900000)]
  0x0000016f85118370 JavaThread "Cache worker for file hash cache (C:\Users\USUARIO\Desktop\ProyectoFormativoBloom\.gradle\8.7\fileHashes)" [_thread_blocked, id=13876, stack(0x00000060b7900000,0x00000060b7a00000)]
  0x0000016f85116000 JavaThread "File watcher server" daemon [_thread_in_native, id=19736, stack(0x00000060b7a00000,0x00000060b7b00000)]
  0x0000016f85116a20 JavaThread "File watcher consumer" daemon [_thread_blocked, id=14544, stack(0x00000060b7b00000,0x00000060b7c00000)]
  0x0000016f86173b00 JavaThread "jar transforms" [_thread_blocked, id=5624, stack(0x00000060b7c00000,0x00000060b7d00000)]
  0x0000016f861730e0 JavaThread "jar transforms Thread 2" [_thread_blocked, id=15252, stack(0x00000060b7d00000,0x00000060b7e00000)]
  0x0000016f86174520 JavaThread "jar transforms Thread 3" [_thread_blocked, id=11560, stack(0x00000060b7e00000,0x00000060b7f00000)]
  0x0000016f86174a30 JavaThread "jar transforms Thread 4" [_thread_blocked, id=2912, stack(0x00000060b7f00000,0x00000060b8000000)]
  0x0000016f8616fe40 JavaThread "jar transforms Thread 5" [_thread_blocked, id=7728, stack(0x00000060b8000000,0x00000060b8100000)]
  0x0000016f86174f40 JavaThread "jar transforms Thread 6" [_thread_blocked, id=384, stack(0x00000060b8100000,0x00000060b8200000)]
  0x0000016f86176380 JavaThread "jar transforms Thread 7" [_thread_blocked, id=2860, stack(0x00000060b8200000,0x00000060b8300000)]
  0x0000016f8616f420 JavaThread "jar transforms Thread 8" [_thread_blocked, id=8096, stack(0x00000060b8300000,0x00000060b8400000)]
  0x0000016f86174010 JavaThread "jar transforms Thread 9" [_thread_blocked, id=4024, stack(0x00000060b8400000,0x00000060b8500000)]
  0x0000016f86171280 JavaThread "jar transforms Thread 10" [_thread_blocked, id=8920, stack(0x00000060b8500000,0x00000060b8600000)]
  0x0000016f86175e70 JavaThread "jar transforms Thread 11" [_thread_blocked, id=1956, stack(0x00000060b8600000,0x00000060b8700000)]
  0x0000016f86170350 JavaThread "jar transforms Thread 12" [_thread_blocked, id=23648, stack(0x00000060b8700000,0x00000060b8800000)]
  0x0000016f86175450 JavaThread "Cache worker for checksums cache (C:\Users\USUARIO\Desktop\ProyectoFormativoBloom\.gradle\8.7\checksums)" [_thread_blocked, id=21096, stack(0x00000060b8900000,0x00000060b8a00000)]
  0x0000016f86171790 JavaThread "Cache worker for cache directory md-supplier (C:\Users\USUARIO\.gradle\caches\8.7\md-supplier)" [_thread_blocked, id=7224, stack(0x00000060b8a00000,0x00000060b8b00000)]
  0x0000016f86172bd0 JavaThread "Cache worker for cache directory md-rule (C:\Users\USUARIO\.gradle\caches\8.7\md-rule)" [_thread_blocked, id=7348, stack(0x00000060b8b00000,0x00000060b8c00000)]
  0x0000016f86175960 JavaThread "Cache worker for file content cache (C:\Users\USUARIO\.gradle\caches\8.7\fileContent)" [_thread_blocked, id=6660, stack(0x00000060b8c00000,0x00000060b8d00000)]
  0x0000016f86171ca0 JavaThread "Unconstrained build operations" [_thread_blocked, id=14404, stack(0x00000060b8d00000,0x00000060b8e00000)]
  0x0000016f86176890 JavaThread "Unconstrained build operations Thread 2" [_thread_blocked, id=14920, stack(0x00000060b8e00000,0x00000060b8f00000)]
  0x0000016f8616f930 JavaThread "Unconstrained build operations Thread 3" [_thread_blocked, id=12016, stack(0x00000060b8f00000,0x00000060b9000000)]
  0x0000016f86170860 JavaThread "Unconstrained build operations Thread 4" [_thread_blocked, id=14628, stack(0x00000060b9000000,0x00000060b9100000)]
  0x0000016f86170d70 JavaThread "Unconstrained build operations Thread 5" [_thread_blocked, id=14280, stack(0x00000060b9100000,0x00000060b9200000)]
  0x0000016f861721b0 JavaThread "Unconstrained build operations Thread 6" [_thread_blocked, id=23296, stack(0x00000060b9200000,0x00000060b9300000)]
  0x0000016f861726c0 JavaThread "Unconstrained build operations Thread 7" [_thread_blocked, id=8620, stack(0x00000060b9300000,0x00000060b9400000)]
  0x0000016f876a14f0 JavaThread "Unconstrained build operations Thread 8" [_thread_blocked, id=3580, stack(0x00000060b9400000,0x00000060b9500000)]
  0x0000016f8769d830 JavaThread "Unconstrained build operations Thread 9" [_thread_blocked, id=19812, stack(0x00000060b9500000,0x00000060b9600000)]
  0x0000016f8769ce10 JavaThread "Unconstrained build operations Thread 10" [_thread_blocked, id=16976, stack(0x00000060b9600000,0x00000060b9700000)]

Other Threads:
  0x0000016fff461ba0 VMThread "VM Thread" [stack: 0x00000060b5200000,0x00000060b5300000] [id=8864]
  0x0000016fffad9ba0 WatcherThread [stack: 0x00000060b5e00000,0x00000060b5f00000] [id=22332]
  0x0000016fe5539380 GCTaskThread "GC Thread#0" [stack: 0x00000060b4d00000,0x00000060b4e00000] [id=2092]
  0x0000016f850d0520 GCTaskThread "GC Thread#1" [stack: 0x00000060b6100000,0x00000060b6200000] [id=16012]
  0x0000016f849c5040 GCTaskThread "GC Thread#2" [stack: 0x00000060b6200000,0x00000060b6300000] [id=23212]
  0x0000016f849c5300 GCTaskThread "GC Thread#3" [stack: 0x00000060b6300000,0x00000060b6400000] [id=21948]
  0x0000016f849c55c0 GCTaskThread "GC Thread#4" [stack: 0x00000060b6400000,0x00000060b6500000] [id=12176]
  0x0000016f84db7750 GCTaskThread "GC Thread#5" [stack: 0x00000060b6500000,0x00000060b6600000] [id=23984]
  0x0000016f8558c120 GCTaskThread "GC Thread#6" [stack: 0x00000060b7000000,0x00000060b7100000] [id=13572]
  0x0000016f862dd830 GCTaskThread "GC Thread#7" [stack: 0x00000060b7100000,0x00000060b7200000] [id=8024]
  0x0000016f86915040 GCTaskThread "GC Thread#8" [stack: 0x00000060b7200000,0x00000060b7300000] [id=4180]
  0x0000016f86092930 GCTaskThread "GC Thread#9" [stack: 0x00000060b7300000,0x00000060b7400000] [id=6292]
  0x0000016fe554a2d0 ConcurrentGCThread "G1 Main Marker" [stack: 0x00000060b4e00000,0x00000060b4f00000] [id=6948]
  0x0000016fe554b490 ConcurrentGCThread "G1 Conc#0" [stack: 0x00000060b4f00000,0x00000060b5000000] [id=14180]
  0x0000016f85cb9c70 ConcurrentGCThread "G1 Conc#1" [stack: 0x00000060b7400000,0x00000060b7500000] [id=7420]
  0x0000016f8631aa40 ConcurrentGCThread "G1 Conc#2" [stack: 0x00000060b7500000,0x00000060b7600000] [id=14496]
  0x0000016fe558e3a0 ConcurrentGCThread "G1 Refine#0" [stack: 0x00000060b5000000,0x00000060b5100000] [id=3224]
  0x0000016f84306680 ConcurrentGCThread "G1 Refine#1" [stack: 0x00000060b8800000,0x00000060b8900000] [id=12788]
  0x0000016fff343f60 ConcurrentGCThread "G1 Service" [stack: 0x00000060b5100000,0x00000060b5200000] [id=7868]

Threads with active compile tasks:
C2 CompilerThread0     4805 4579       4       java.net.URLClassLoader$1::run (5 bytes)
C1 CompilerThread0     4805 4689       3       java.lang.invoke.LambdaForm$Name::internArguments (62 bytes)
C2 CompilerThread1     4805 4509   !   4       java.net.URLClassLoader::findClass (47 bytes)
C2 CompilerThread2     4805 4631       4       java.lang.Class::getMethodsRecursive (99 bytes)

VM state: not at safepoint (normal execution)

VM Mutex/Monitor currently owned by a thread: None

Heap address: 0x0000000080000000, size: 2048 MB, Compressed Oops mode: 32-bit

CDS archive(s) not mapped
Compressed class space mapped at: 0x0000000100000000-0x0000000140000000, reserved size: 1073741824
Narrow klass base: 0x0000000000000000, Narrow klass shift: 3, Narrow klass range: 0x140000000

GC Precious Log:
 CPUs: 12 total, 12 available
 Memory: 16218M
 Large Page Support: Disabled
 NUMA Support: Disabled
 Compressed Oops: Enabled (32-bit)
 Heap Region Size: 1M
 Heap Min Capacity: 8M
 Heap Initial Capacity: 254M
 Heap Max Capacity: 2G
 Pre-touch: Disabled
 Parallel Workers: 10
 Concurrent Workers: 3
 Concurrent Refinement Workers: 10
 Periodic GC: Disabled

Heap:
 garbage-first heap   total 149504K, used 109039K [0x0000000080000000, 0x0000000100000000)
  region size 1024K, 48 young (49152K), 1 survivors (1024K)
 Metaspace       used 52514K, committed 52992K, reserved 1114112K
  class space    used 7028K, committed 7232K, reserved 1048576K

Heap Regions: E=young(eden), S=young(survivor), O=old, HS=humongous(starts), HC=humongous(continues), CS=collection set, F=free, OA=open archive, CA=closed archive, TAMS=top-at-mark-start (previous, next)
|   0|0x0000000080000000, 0x0000000080100000, 0x0000000080100000|100%|HS|  |TAMS 0x0000000080100000, 0x0000000080000000| Complete 
|   1|0x0000000080100000, 0x0000000080200000, 0x0000000080200000|100%|HC|  |TAMS 0x0000000080200000, 0x0000000080100000| Complete 
|   2|0x0000000080200000, 0x0000000080300000, 0x0000000080300000|100%|HC|  |TAMS 0x0000000080300000, 0x0000000080200000| Complete 
|   3|0x0000000080300000, 0x0000000080400000, 0x0000000080400000|100%|HC|  |TAMS 0x0000000080400000, 0x0000000080300000| Complete 
|   4|0x0000000080400000, 0x0000000080500000, 0x0000000080500000|100%| O|  |TAMS 0x0000000080500000, 0x0000000080400000| Untracked 
|   5|0x0000000080500000, 0x0000000080600000, 0x0000000080600000|100%| O|  |TAMS 0x0000000080600000, 0x0000000080500000| Untracked 
|   6|0x0000000080600000, 0x0000000080700000, 0x0000000080700000|100%| O|  |TAMS 0x0000000080700000, 0x0000000080600000| Untracked 
|   7|0x0000000080700000, 0x0000000080800000, 0x0000000080800000|100%| O|  |TAMS 0x0000000080800000, 0x0000000080700000| Untracked 
|   8|0x0000000080800000, 0x0000000080900000, 0x0000000080900000|100%| O|  |TAMS 0x0000000080900000, 0x0000000080800000| Untracked 
|   9|0x0000000080900000, 0x0000000080a00000, 0x0000000080a00000|100%| O|  |TAMS 0x0000000080a00000, 0x0000000080900000| Untracked 
|  10|0x0000000080a00000, 0x0000000080b00000, 0x0000000080b00000|100%| O|  |TAMS 0x0000000080b00000, 0x0000000080a00000| Untracked 
|  11|0x0000000080b00000, 0x0000000080c00000, 0x0000000080c00000|100%| O|  |TAMS 0x0000000080c00000, 0x0000000080b00000| Untracked 
|  12|0x0000000080c00000, 0x0000000080d00000, 0x0000000080d00000|100%| O|  |TAMS 0x0000000080d00000, 0x0000000080c00000| Untracked 
|  13|0x0000000080d00000, 0x0000000080e00000, 0x0000000080e00000|100%| O|  |TAMS 0x0000000080e00000, 0x0000000080d00000| Untracked 
|  14|0x0000000080e00000, 0x0000000080f00000, 0x0000000080f00000|100%| O|  |TAMS 0x0000000080f00000, 0x0000000080e00000| Untracked 
|  15|0x0000000080f00000, 0x0000000081000000, 0x0000000081000000|100%| O|  |TAMS 0x0000000081000000, 0x0000000080f00000| Untracked 
|  16|0x0000000081000000, 0x0000000081100000, 0x0000000081100000|100%| O|  |TAMS 0x0000000081100000, 0x0000000081000000| Untracked 
|  17|0x0000000081100000, 0x0000000081200000, 0x0000000081200000|100%| O|  |TAMS 0x0000000081200000, 0x0000000081100000| Untracked 
|  18|0x0000000081200000, 0x0000000081300000, 0x0000000081300000|100%| O|  |TAMS 0x0000000081300000, 0x0000000081200000| Untracked 
|  19|0x0000000081300000, 0x0000000081400000, 0x0000000081400000|100%| O|  |TAMS 0x0000000081400000, 0x0000000081300000| Untracked 
|  20|0x0000000081400000, 0x0000000081500000, 0x0000000081500000|100%| O|  |TAMS 0x0000000081400000, 0x0000000081400000| Untracked 
|  21|0x0000000081500000, 0x0000000081600000, 0x0000000081600000|100%|HS|  |TAMS 0x0000000081600000, 0x0000000081500000| Complete 
|  22|0x0000000081600000, 0x0000000081700000, 0x0000000081700000|100%|HC|  |TAMS 0x0000000081700000, 0x0000000081600000| Complete 
|  23|0x0000000081700000, 0x0000000081800000, 0x0000000081800000|100%|HC|  |TAMS 0x0000000081800000, 0x0000000081700000| Complete 
|  24|0x0000000081800000, 0x0000000081900000, 0x0000000081900000|100%|HC|  |TAMS 0x0000000081900000, 0x0000000081800000| Complete 
|  25|0x0000000081900000, 0x0000000081a00000, 0x0000000081a00000|100%|HC|  |TAMS 0x0000000081a00000, 0x0000000081900000| Complete 
|  26|0x0000000081a00000, 0x0000000081b00000, 0x0000000081b00000|100%|HS|  |TAMS 0x0000000081b00000, 0x0000000081a00000| Complete 
|  27|0x0000000081b00000, 0x0000000081c00000, 0x0000000081c00000|100%|HC|  |TAMS 0x0000000081c00000, 0x0000000081b00000| Complete 
|  28|0x0000000081c00000, 0x0000000081d00000, 0x0000000081d00000|100%|HC|  |TAMS 0x0000000081d00000, 0x0000000081c00000| Complete 
|  29|0x0000000081d00000, 0x0000000081e00000, 0x0000000081e00000|100%| O|  |TAMS 0x0000000081e00000, 0x0000000081d00000| Untracked 
|  30|0x0000000081e00000, 0x0000000081f00000, 0x0000000081f00000|100%|HS|  |TAMS 0x0000000081f00000, 0x0000000081e00000| Complete 
|  31|0x0000000081f00000, 0x0000000082000000, 0x0000000082000000|100%|HC|  |TAMS 0x0000000082000000, 0x0000000081f00000| Complete 
|  32|0x0000000082000000, 0x0000000082100000, 0x0000000082100000|100%|HC|  |TAMS 0x0000000082100000, 0x0000000082000000| Complete 
|  33|0x0000000082100000, 0x0000000082200000, 0x0000000082200000|100%| O|  |TAMS 0x0000000082200000, 0x0000000082100000| Untracked 
|  34|0x0000000082200000, 0x0000000082300000, 0x0000000082300000|100%| O|  |TAMS 0x0000000082300000, 0x0000000082200000| Untracked 
|  35|0x0000000082300000, 0x0000000082400000, 0x0000000082400000|100%|HS|  |TAMS 0x0000000082300000, 0x0000000082300000| Complete 
|  36|0x0000000082400000, 0x0000000082500000, 0x0000000082500000|100%|HS|  |TAMS 0x0000000082500000, 0x0000000082400000| Complete 
|  37|0x0000000082500000, 0x0000000082600000, 0x0000000082600000|100%| O|  |TAMS 0x0000000082600000, 0x0000000082500000| Untracked 
|  38|0x0000000082600000, 0x0000000082700000, 0x0000000082700000|100%| O|  |TAMS 0x0000000082700000, 0x0000000082600000| Untracked 
|  39|0x0000000082700000, 0x0000000082800000, 0x0000000082800000|100%| O|  |TAMS 0x0000000082800000, 0x0000000082700000| Untracked 
|  40|0x0000000082800000, 0x0000000082900000, 0x0000000082900000|100%| O|  |TAMS 0x0000000082900000, 0x0000000082800000| Untracked 
|  41|0x0000000082900000, 0x0000000082a00000, 0x0000000082a00000|100%| O|  |TAMS 0x0000000082a00000, 0x0000000082900000| Untracked 
|  42|0x0000000082a00000, 0x0000000082b00000, 0x0000000082b00000|100%| O|  |TAMS 0x0000000082a00a00, 0x0000000082a00000| Untracked 
|  43|0x0000000082b00000, 0x0000000082c00000, 0x0000000082c00000|100%| O|  |TAMS 0x0000000082b00000, 0x0000000082b00000| Untracked 
|  44|0x0000000082c00000, 0x0000000082cedc00, 0x0000000082d00000| 92%| O|  |TAMS 0x0000000082c00000, 0x0000000082c00000| Untracked 
|  45|0x0000000082d00000, 0x0000000082e00000, 0x0000000082e00000|100%|HS|  |TAMS 0x0000000082d00000, 0x0000000082d00000| Complete 
|  46|0x0000000082e00000, 0x0000000082e00000, 0x0000000082f00000|  0%| F|  |TAMS 0x0000000082e00000, 0x0000000082e00000| Untracked 
|  47|0x0000000082f00000, 0x0000000083000000, 0x0000000083000000|100%| O|  |TAMS 0x0000000082f00000, 0x0000000082f00000| Untracked 
|  48|0x0000000083000000, 0x0000000083100000, 0x0000000083100000|100%| O|  |TAMS 0x0000000083000000, 0x0000000083000000| Untracked 
|  49|0x0000000083100000, 0x0000000083200000, 0x0000000083200000|100%|HS|  |TAMS 0x0000000083100000, 0x0000000083100000| Complete 
|  50|0x0000000083200000, 0x0000000083300000, 0x0000000083300000|100%|HC|  |TAMS 0x0000000083200000, 0x0000000083200000| Complete 
|  51|0x0000000083300000, 0x0000000083400000, 0x0000000083400000|100%|HC|  |TAMS 0x0000000083300000, 0x0000000083300000| Complete 
|  52|0x0000000083400000, 0x0000000083500000, 0x0000000083500000|100%|HS|  |TAMS 0x0000000083400000, 0x0000000083400000| Complete 
|  53|0x0000000083500000, 0x0000000083600000, 0x0000000083600000|100%|HC|  |TAMS 0x0000000083500000, 0x0000000083500000| Complete 
|  54|0x0000000083600000, 0x0000000083700000, 0x0000000083700000|100%|HC|  |TAMS 0x0000000083600000, 0x0000000083600000| Complete 
|  55|0x0000000083700000, 0x0000000083800000, 0x0000000083800000|100%|HC|  |TAMS 0x0000000083700000, 0x0000000083700000| Complete 
|  56|0x0000000083800000, 0x0000000083900000, 0x0000000083900000|100%|HC|  |TAMS 0x0000000083800000, 0x0000000083800000| Complete 
|  57|0x0000000083900000, 0x0000000083a00000, 0x0000000083a00000|100%|HS|  |TAMS 0x0000000083900000, 0x0000000083900000| Complete 
|  58|0x0000000083a00000, 0x0000000083b00000, 0x0000000083b00000|100%|HC|  |TAMS 0x0000000083a00000, 0x0000000083a00000| Complete 
|  59|0x0000000083b00000, 0x0000000083c00000, 0x0000000083c00000|100%|HC|  |TAMS 0x0000000083b00000, 0x0000000083b00000| Complete 
|  60|0x0000000083c00000, 0x0000000083d00000, 0x0000000083d00000|100%|HC|  |TAMS 0x0000000083c00000, 0x0000000083c00000| Complete 
|  61|0x0000000083d00000, 0x0000000083e00000, 0x0000000083e00000|100%|HC|  |TAMS 0x0000000083d00000, 0x0000000083d00000| Complete 
|  62|0x0000000083e00000, 0x0000000083e00000, 0x0000000083f00000|  0%| F|  |TAMS 0x0000000083e00000, 0x0000000083e00000| Untracked 
|  63|0x0000000083f00000, 0x0000000083f00000, 0x0000000084000000|  0%| F|  |TAMS 0x0000000083f00000, 0x0000000083f00000| Untracked 
|  64|0x0000000084000000, 0x0000000084000000, 0x0000000084100000|  0%| F|  |TAMS 0x0000000084000000, 0x0000000084000000| Untracked 
|  65|0x0000000084100000, 0x0000000084100000, 0x0000000084200000|  0%| F|  |TAMS 0x0000000084100000, 0x0000000084100000| Untracked 
|  66|0x0000000084200000, 0x0000000084200000, 0x0000000084300000|  0%| F|  |TAMS 0x0000000084200000, 0x0000000084200000| Untracked 
|  67|0x0000000084300000, 0x0000000084300000, 0x0000000084400000|  0%| F|  |TAMS 0x0000000084300000, 0x0000000084300000| Untracked 
|  68|0x0000000084400000, 0x0000000084400000, 0x0000000084500000|  0%| F|  |TAMS 0x0000000084400000, 0x0000000084400000| Untracked 
|  69|0x0000000084500000, 0x0000000084500000, 0x0000000084600000|  0%| F|  |TAMS 0x0000000084500000, 0x0000000084500000| Untracked 
|  70|0x0000000084600000, 0x0000000084600000, 0x0000000084700000|  0%| F|  |TAMS 0x0000000084600000, 0x0000000084600000| Untracked 
|  71|0x0000000084700000, 0x0000000084700000, 0x0000000084800000|  0%| F|  |TAMS 0x0000000084700000, 0x0000000084700000| Untracked 
|  72|0x0000000084800000, 0x0000000084800000, 0x0000000084900000|  0%| F|  |TAMS 0x0000000084800000, 0x0000000084800000| Untracked 
|  73|0x0000000084900000, 0x0000000084900000, 0x0000000084a00000|  0%| F|  |TAMS 0x0000000084900000, 0x0000000084900000| Untracked 
|  74|0x0000000084a00000, 0x0000000084a00000, 0x0000000084b00000|  0%| F|  |TAMS 0x0000000084a00000, 0x0000000084a00000| Untracked 
|  75|0x0000000084b00000, 0x0000000084b00000, 0x0000000084c00000|  0%| F|  |TAMS 0x0000000084b00000, 0x0000000084b00000| Untracked 
|  76|0x0000000084c00000, 0x0000000084c00000, 0x0000000084d00000|  0%| F|  |TAMS 0x0000000084c00000, 0x0000000084c00000| Untracked 
|  77|0x0000000084d00000, 0x0000000084d00000, 0x0000000084e00000|  0%| F|  |TAMS 0x0000000084d00000, 0x0000000084d00000| Untracked 
|  78|0x0000000084e00000, 0x0000000084e00000, 0x0000000084f00000|  0%| F|  |TAMS 0x0000000084e00000, 0x0000000084e00000| Untracked 
|  79|0x0000000084f00000, 0x0000000084f00000, 0x0000000085000000|  0%| F|  |TAMS 0x0000000084f00000, 0x0000000084f00000| Untracked 
|  80|0x0000000085000000, 0x0000000085000000, 0x0000000085100000|  0%| F|  |TAMS 0x0000000085000000, 0x0000000085000000| Untracked 
|  81|0x0000000085100000, 0x0000000085100000, 0x0000000085200000|  0%| F|  |TAMS 0x0000000085100000, 0x0000000085100000| Untracked 
|  82|0x0000000085200000, 0x0000000085200000, 0x0000000085300000|  0%| F|  |TAMS 0x0000000085200000, 0x0000000085200000| Untracked 
|  83|0x0000000085300000, 0x0000000085300000, 0x0000000085400000|  0%| F|  |TAMS 0x0000000085300000, 0x0000000085300000| Untracked 
|  84|0x0000000085400000, 0x0000000085400000, 0x0000000085500000|  0%| F|  |TAMS 0x0000000085400000, 0x0000000085400000| Untracked 
|  85|0x0000000085500000, 0x0000000085500000, 0x0000000085600000|  0%| F|  |TAMS 0x0000000085500000, 0x0000000085500000| Untracked 
|  86|0x0000000085600000, 0x0000000085600000, 0x0000000085700000|  0%| F|  |TAMS 0x0000000085600000, 0x0000000085600000| Untracked 
|  87|0x0000000085700000, 0x0000000085700000, 0x0000000085800000|  0%| F|  |TAMS 0x0000000085700000, 0x0000000085700000| Untracked 
|  88|0x0000000085800000, 0x0000000085800000, 0x0000000085900000|  0%| F|  |TAMS 0x0000000085800000, 0x0000000085800000| Untracked 
|  89|0x0000000085900000, 0x0000000085900000, 0x0000000085a00000|  0%| F|  |TAMS 0x0000000085900000, 0x0000000085900000| Untracked 
|  90|0x0000000085a00000, 0x0000000085a00000, 0x0000000085b00000|  0%| F|  |TAMS 0x0000000085a00000, 0x0000000085a00000| Untracked 
|  91|0x0000000085b00000, 0x0000000085b00000, 0x0000000085c00000|  0%| F|  |TAMS 0x0000000085b00000, 0x0000000085b00000| Untracked 
|  92|0x0000000085c00000, 0x0000000085c00000, 0x0000000085d00000|  0%| F|  |TAMS 0x0000000085c00000, 0x0000000085c00000| Untracked 
|  93|0x0000000085d00000, 0x0000000085d00000, 0x0000000085e00000|  0%| F|  |TAMS 0x0000000085d00000, 0x0000000085d00000| Untracked 
|  94|0x0000000085e00000, 0x0000000085e00000, 0x0000000085f00000|  0%| F|  |TAMS 0x0000000085e00000, 0x0000000085e00000| Untracked 
|  95|0x0000000085f00000, 0x0000000085f00000, 0x0000000086000000|  0%| F|  |TAMS 0x0000000085f00000, 0x0000000085f00000| Untracked 
|  96|0x0000000086000000, 0x0000000086000000, 0x0000000086100000|  0%| F|  |TAMS 0x0000000086000000, 0x0000000086000000| Untracked 
|  97|0x0000000086100000, 0x0000000086100000, 0x0000000086200000|  0%| F|  |TAMS 0x0000000086100000, 0x0000000086100000| Untracked 
|  98|0x0000000086200000, 0x0000000086300000, 0x0000000086300000|100%| E|  |TAMS 0x0000000086200000, 0x0000000086200000| Complete 
|  99|0x0000000086300000, 0x0000000086400000, 0x0000000086400000|100%| E|CS|TAMS 0x0000000086300000, 0x0000000086300000| Complete 
| 100|0x0000000086400000, 0x0000000086500000, 0x0000000086500000|100%| E|CS|TAMS 0x0000000086400000, 0x0000000086400000| Complete 
| 101|0x0000000086500000, 0x0000000086600000, 0x0000000086600000|100%| E|CS|TAMS 0x0000000086500000, 0x0000000086500000| Complete 
| 102|0x0000000086600000, 0x0000000086700000, 0x0000000086700000|100%| E|CS|TAMS 0x0000000086600000, 0x0000000086600000| Complete 
| 103|0x0000000086700000, 0x0000000086800000, 0x0000000086800000|100%| E|CS|TAMS 0x0000000086700000, 0x0000000086700000| Complete 
| 104|0x0000000086800000, 0x0000000086900000, 0x0000000086900000|100%| E|CS|TAMS 0x0000000086800000, 0x0000000086800000| Complete 
| 105|0x0000000086900000, 0x0000000086a00000, 0x0000000086a00000|100%| E|CS|TAMS 0x0000000086900000, 0x0000000086900000| Complete 
| 106|0x0000000086a00000, 0x0000000086b00000, 0x0000000086b00000|100%| E|CS|TAMS 0x0000000086a00000, 0x0000000086a00000| Complete 
| 107|0x0000000086b00000, 0x0000000086c00000, 0x0000000086c00000|100%| E|CS|TAMS 0x0000000086b00000, 0x0000000086b00000| Complete 
| 108|0x0000000086c00000, 0x0000000086d00000, 0x0000000086d00000|100%| E|CS|TAMS 0x0000000086c00000, 0x0000000086c00000| Complete 
| 109|0x0000000086d00000, 0x0000000086e00000, 0x0000000086e00000|100%| E|CS|TAMS 0x0000000086d00000, 0x0000000086d00000| Complete 
| 110|0x0000000086e00000, 0x0000000086f00000, 0x0000000086f00000|100%| E|  |TAMS 0x0000000086e00000, 0x0000000086e00000| Complete 
| 111|0x0000000086f00000, 0x0000000087000000, 0x0000000087000000|100%| E|CS|TAMS 0x0000000086f00000, 0x0000000086f00000| Complete 
| 112|0x0000000087000000, 0x0000000087100000, 0x0000000087100000|100%| E|CS|TAMS 0x0000000087000000, 0x0000000087000000| Complete 
| 113|0x0000000087100000, 0x0000000087200000, 0x0000000087200000|100%| E|CS|TAMS 0x0000000087100000, 0x0000000087100000| Complete 
| 114|0x0000000087200000, 0x0000000087300000, 0x0000000087300000|100%| E|CS|TAMS 0x0000000087200000, 0x0000000087200000| Complete 
| 115|0x0000000087300000, 0x0000000087400000, 0x0000000087400000|100%| E|CS|TAMS 0x0000000087300000, 0x0000000087300000| Complete 
| 116|0x0000000087400000, 0x0000000087500000, 0x0000000087500000|100%| E|CS|TAMS 0x0000000087400000, 0x0000000087400000| Complete 
| 117|0x0000000087500000, 0x0000000087600000, 0x0000000087600000|100%| E|CS|TAMS 0x0000000087500000, 0x0000000087500000| Complete 
| 118|0x0000000087600000, 0x0000000087700000, 0x0000000087700000|100%| E|CS|TAMS 0x0000000087600000, 0x0000000087600000| Complete 
| 119|0x0000000087700000, 0x0000000087800000, 0x0000000087800000|100%| E|CS|TAMS 0x0000000087700000, 0x0000000087700000| Complete 
| 120|0x0000000087800000, 0x0000000087900000, 0x0000000087900000|100%| E|CS|TAMS 0x0000000087800000, 0x0000000087800000| Complete 
| 121|0x0000000087900000, 0x0000000087a00000, 0x0000000087a00000|100%| E|CS|TAMS 0x0000000087900000, 0x0000000087900000| Complete 
| 122|0x0000000087a00000, 0x0000000087b00000, 0x0000000087b00000|100%| E|CS|TAMS 0x0000000087a00000, 0x0000000087a00000| Complete 
| 123|0x0000000087b00000, 0x0000000087c00000, 0x0000000087c00000|100%| E|CS|TAMS 0x0000000087b00000, 0x0000000087b00000| Complete 
| 124|0x0000000087c00000, 0x0000000087d00000, 0x0000000087d00000|100%| E|CS|TAMS 0x0000000087c00000, 0x0000000087c00000| Complete 
| 125|0x0000000087d00000, 0x0000000087e00000, 0x0000000087e00000|100%| E|CS|TAMS 0x0000000087d00000, 0x0000000087d00000| Complete 
| 126|0x0000000087e00000, 0x0000000087f00000, 0x0000000087f00000|100%| E|CS|TAMS 0x0000000087e00000, 0x0000000087e00000| Complete 
| 127|0x0000000087f00000, 0x0000000088000000, 0x0000000088000000|100%| E|CS|TAMS 0x0000000087f00000, 0x0000000087f00000| Complete 
| 128|0x0000000088000000, 0x0000000088100000, 0x0000000088100000|100%| E|CS|TAMS 0x0000000088000000, 0x0000000088000000| Complete 
| 129|0x0000000088100000, 0x0000000088200000, 0x0000000088200000|100%| E|CS|TAMS 0x0000000088100000, 0x0000000088100000| Complete 
| 130|0x0000000088200000, 0x0000000088300000, 0x0000000088300000|100%| E|CS|TAMS 0x0000000088200000, 0x0000000088200000| Complete 
| 131|0x0000000088300000, 0x0000000088400000, 0x0000000088400000|100%| E|CS|TAMS 0x0000000088300000, 0x0000000088300000| Complete 
| 132|0x0000000088400000, 0x0000000088500000, 0x0000000088500000|100%| E|CS|TAMS 0x0000000088400000, 0x0000000088400000| Complete 
| 133|0x0000000088500000, 0x0000000088600000, 0x0000000088600000|100%| E|CS|TAMS 0x0000000088500000, 0x0000000088500000| Complete 
| 134|0x0000000088600000, 0x0000000088700000, 0x0000000088700000|100%| E|CS|TAMS 0x0000000088600000, 0x0000000088600000| Complete 
| 135|0x0000000088700000, 0x0000000088800000, 0x0000000088800000|100%| E|CS|TAMS 0x0000000088700000, 0x0000000088700000| Complete 
| 136|0x0000000088800000, 0x0000000088900000, 0x0000000088900000|100%| E|CS|TAMS 0x0000000088800000, 0x0000000088800000| Complete 
| 196|0x000000008c400000, 0x000000008c500000, 0x000000008c500000|100%| E|CS|TAMS 0x000000008c400000, 0x000000008c400000| Complete 
| 197|0x000000008c500000, 0x000000008c600000, 0x000000008c600000|100%| E|CS|TAMS 0x000000008c500000, 0x000000008c500000| Complete 
| 198|0x000000008c600000, 0x000000008c700000, 0x000000008c700000|100%| E|CS|TAMS 0x000000008c600000, 0x000000008c600000| Complete 
| 199|0x000000008c700000, 0x000000008c800000, 0x000000008c800000|100%| E|CS|TAMS 0x000000008c700000, 0x000000008c700000| Complete 
| 200|0x000000008c800000, 0x000000008c88e140, 0x000000008c900000| 55%| S|CS|TAMS 0x000000008c800000, 0x000000008c800000| Complete 
| 201|0x000000008c900000, 0x000000008ca00000, 0x000000008ca00000|100%| E|CS|TAMS 0x000000008c900000, 0x000000008c900000| Complete 
| 202|0x000000008ca00000, 0x000000008cb00000, 0x000000008cb00000|100%| E|CS|TAMS 0x000000008ca00000, 0x000000008ca00000| Complete 
| 203|0x000000008cb00000, 0x000000008cc00000, 0x000000008cc00000|100%| E|CS|TAMS 0x000000008cb00000, 0x000000008cb00000| Complete 
| 253|0x000000008fd00000, 0x000000008fe00000, 0x000000008fe00000|100%| E|CS|TAMS 0x000000008fd00000, 0x000000008fd00000| Complete 

Card table byte_map: [0x0000016ff8300000,0x0000016ff8700000] _byte_map_base: 0x0000016ff7f00000

Marking Bits (Prev, Next): (CMBitMap*) 0x0000016fe55399e0, (CMBitMap*) 0x0000016fe55399a0
 Prev Bits: [0x0000016ffab00000, 0x0000016ffcb00000)
 Next Bits: [0x0000016ff8b00000, 0x0000016ffab00000)

Polling page: 0x0000016fe4c90000

Metaspace:

Usage:
  Non-class:     44.45 MB used.
      Class:      6.87 MB used.
       Both:     51.32 MB used.

Virtual space:
  Non-class space:       64.00 MB reserved,      44.75 MB ( 70%) committed,  1 nodes.
      Class space:        1.00 GB reserved,       7.12 MB ( <1%) committed,  1 nodes.
             Both:        1.06 GB reserved,      51.88 MB (  5%) committed. 

Chunk freelists:
   Non-Class:  3.24 MB
       Class:  8.87 MB
        Both:  12.11 MB

MaxMetaspaceSize: unlimited
CompressedClassSpaceSize: 1.00 GB
Initial GC threshold: 21.00 MB
Current GC threshold: 73.12 MB
CDS: off
MetaspaceReclaimPolicy: balanced
 - commit_granule_bytes: 65536.
 - commit_granule_words: 8192.
 - virtual_space_node_default_size: 8388608.
 - enlarge_chunks_in_place: 1.
 - new_chunks_are_fully_committed: 0.
 - uncommit_free_chunks: 1.
 - use_allocation_guard: 0.
 - handle_deallocations: 1.


Internal statistics:

num_allocs_failed_limit: 6.
num_arena_births: 556.
num_arena_deaths: 0.
num_vsnodes_births: 2.
num_vsnodes_deaths: 0.
num_space_committed: 830.
num_space_uncommitted: 0.
num_chunks_returned_to_freelist: 6.
num_chunks_taken_from_freelist: 2295.
num_chunk_merges: 6.
num_chunk_splits: 1455.
num_chunks_enlarged: 975.
num_inconsistent_stats: 0.

CodeHeap 'non-profiled nmethods': size=120000Kb used=1959Kb max_used=3018Kb free=118040Kb
 bounds [0x0000016ff0480000, 0x0000016ff0780000, 0x0000016ff79b0000]
CodeHeap 'profiled nmethods': size=120000Kb used=7881Kb max_used=9373Kb free=112118Kb
 bounds [0x0000016fe89b0000, 0x0000016fe9300000, 0x0000016fefee0000]
CodeHeap 'non-nmethods': size=5760Kb used=2307Kb max_used=2396Kb free=3452Kb
 bounds [0x0000016fefee0000, 0x0000016ff0150000, 0x0000016ff0480000]
 total_blobs=4773 nmethods=3955 adapters=730
 compilation: enabled
              stopped_count=0, restarted_count=0
 full_count=0

Compilation events (20 events):
Event: 4.781 Thread 0x0000016fff87e470 nmethod 4663 0x0000016fe89c2e10 code [0x0000016fe89c31c0, 0x0000016fe89c4da8]
Event: 4.781 Thread 0x0000016fff87e470 4662       3       com.sun.beans.introspect.MethodInfo::resolve (12 bytes)
Event: 4.781 Thread 0x0000016fff87e470 nmethod 4662 0x0000016fe8aee910 code [0x0000016fe8aeeb20, 0x0000016fe8aef058]
Event: 4.781 Thread 0x0000016fff87e470 4661       3       java.util.StringJoiner::setEmptyValue (20 bytes)
Event: 4.782 Thread 0x0000016fff87e470 nmethod 4661 0x0000016fe89d6d10 code [0x0000016fe89d6ee0, 0x0000016fe89d7378]
Event: 4.783 Thread 0x0000016fff87e470 4664       3       org.gradle.internal.service.DefaultServiceRegistry$CompositeServiceProvider::getAll (43 bytes)
Event: 4.783 Thread 0x0000016fff87e470 nmethod 4664 0x0000016fe8f02b90 code [0x0000016fe8f02d40, 0x0000016fe8f02fe8]
Event: 4.783 Thread 0x0000016fff87e470 4665       3       org.gradle.internal.service.DefaultServiceRegistry$ParentServices::getAll (12 bytes)
Event: 4.783 Thread 0x0000016fff87e470 nmethod 4665 0x0000016fe8a1fb90 code [0x0000016fe8a1fd40, 0x0000016fe8a1ff08]
Event: 4.784 Thread 0x0000016fff87e470 4666       3       java.lang.reflect.Constructor::hasGenericInformation (13 bytes)
Event: 4.784 Thread 0x0000016fff87e470 nmethod 4666 0x0000016fe8ae4710 code [0x0000016fe8ae48a0, 0x0000016fe8ae4a18]
Event: 4.784 Thread 0x0000016fff87e470 4668       3       org.gradle.internal.deprecation.DeprecationLogger::disable (24 bytes)
Event: 4.784 Thread 0x0000016fff87e470 nmethod 4668 0x0000016fe8c93810 code [0x0000016fe8c93a00, 0x0000016fe8c93fd8]
Event: 4.784 Thread 0x0000016fff87e470 4669       3       org.gradle.internal.deprecation.DeprecationLogger::maybeEnable (24 bytes)
Event: 4.785 Thread 0x0000016fff87e470 nmethod 4669 0x0000016fe8ee6690 code [0x0000016fe8ee6880, 0x0000016fe8ee6e58]
Event: 4.787 Thread 0x0000016fff87e470 4671       3       java.lang.AbstractStringBuilder::append (67 bytes)
Event: 4.787 Thread 0x0000016fff87e470 nmethod 4671 0x0000016fe8ccdc90 code [0x0000016fe8ccdea0, 0x0000016fe8cce3a8]
Event: 4.787 Thread 0x0000016fff87e470 4674       3       org.gradle.model.internal.asm.MethodVisitorScope::_CHECKCAST (9 bytes)
Event: 4.787 Thread 0x0000016fff87e470 nmethod 4674 0x0000016fe8e6b710 code [0x0000016fe8e6b8c0, 0x0000016fe8e6bb28]
Event: 4.788 Thread 0x0000016fff87e470 4675       3       com.google.common.collect.AbstractMapBasedMultimap$WrappedCollection::refreshIfEmpty (78 bytes)

GC Heap History (20 events):
Event: 2.803 GC heap before
{Heap before GC invocations=6 (full 0):
 garbage-first heap   total 68608K, used 48327K [0x0000000080000000, 0x0000000100000000)
  region size 1024K, 28 young (28672K), 1 survivors (1024K)
 Metaspace       used 30001K, committed 30272K, reserved 1114112K
  class space    used 4006K, committed 4160K, reserved 1048576K
}
Event: 2.805 GC heap after
{Heap after GC invocations=7 (full 0):
 garbage-first heap   total 68608K, used 22102K [0x0000000080000000, 0x0000000100000000)
  region size 1024K, 2 young (2048K), 2 survivors (2048K)
 Metaspace       used 30001K, committed 30272K, reserved 1114112K
  class space    used 4006K, committed 4160K, reserved 1048576K
}
Event: 2.981 GC heap before
{Heap before GC invocations=7 (full 0):
 garbage-first heap   total 68608K, used 43606K [0x0000000080000000, 0x0000000100000000)
  region size 1024K, 17 young (17408K), 2 survivors (2048K)
 Metaspace       used 31645K, committed 32000K, reserved 1114112K
  class space    used 4313K, committed 4480K, reserved 1048576K
}
Event: 2.983 GC heap after
{Heap after GC invocations=8 (full 0):
 garbage-first heap   total 68608K, used 33831K [0x0000000080000000, 0x0000000100000000)
  region size 1024K, 4 young (4096K), 4 survivors (4096K)
 Metaspace       used 31645K, committed 32000K, reserved 1114112K
  class space    used 4313K, committed 4480K, reserved 1048576K
}
Event: 3.006 GC heap before
{Heap before GC invocations=8 (full 0):
 garbage-first heap   total 68608K, used 37927K [0x0000000080000000, 0x0000000100000000)
  region size 1024K, 6 young (6144K), 4 survivors (4096K)
 Metaspace       used 31725K, committed 32064K, reserved 1114112K
  class space    used 4325K, committed 4480K, reserved 1048576K
}
Event: 3.007 GC heap after
{Heap after GC invocations=9 (full 0):
 garbage-first heap   total 95232K, used 37760K [0x0000000080000000, 0x0000000100000000)
  region size 1024K, 1 young (1024K), 1 survivors (1024K)
 Metaspace       used 31725K, committed 32064K, reserved 1114112K
  class space    used 4325K, committed 4480K, reserved 1048576K
}
Event: 3.305 GC heap before
{Heap before GC invocations=9 (full 0):
 garbage-first heap   total 95232K, used 65408K [0x0000000080000000, 0x0000000100000000)
  region size 1024K, 27 young (27648K), 1 survivors (1024K)
 Metaspace       used 35084K, committed 35456K, reserved 1114112K
  class space    used 4859K, committed 5056K, reserved 1048576K
}
Event: 3.306 GC heap after
{Heap after GC invocations=10 (full 0):
 garbage-first heap   total 95232K, used 39803K [0x0000000080000000, 0x0000000100000000)
  region size 1024K, 2 young (2048K), 2 survivors (2048K)
 Metaspace       used 35084K, committed 35456K, reserved 1114112K
  class space    used 4859K, committed 5056K, reserved 1048576K
}
Event: 3.369 GC heap before
{Heap before GC invocations=10 (full 0):
 garbage-first heap   total 95232K, used 44923K [0x0000000080000000, 0x0000000100000000)
  region size 1024K, 9 young (9216K), 2 survivors (2048K)
 Metaspace       used 35815K, committed 36160K, reserved 1114112K
  class space    used 4977K, committed 5184K, reserved 1048576K
}
Event: 3.370 GC heap after
{Heap after GC invocations=11 (full 0):
 garbage-first heap   total 95232K, used 40336K [0x0000000080000000, 0x0000000100000000)
  region size 1024K, 3 young (3072K), 3 survivors (3072K)
 Metaspace       used 35815K, committed 36160K, reserved 1114112K
  class space    used 4977K, committed 5184K, reserved 1048576K
}
Event: 3.745 GC heap before
{Heap before GC invocations=12 (full 0):
 garbage-first heap   total 95232K, used 69008K [0x0000000080000000, 0x0000000100000000)
  region size 1024K, 31 young (31744K), 3 survivors (3072K)
 Metaspace       used 40682K, committed 41088K, reserved 1114112K
  class space    used 5618K, committed 5824K, reserved 1048576K
}
Event: 3.748 GC heap after
{Heap after GC invocations=13 (full 0):
 garbage-first heap   total 95232K, used 42398K [0x0000000080000000, 0x0000000100000000)
  region size 1024K, 4 young (4096K), 4 survivors (4096K)
 Metaspace       used 40682K, committed 41088K, reserved 1114112K
  class space    used 5618K, committed 5824K, reserved 1048576K
}
Event: 3.765 GC heap before
{Heap before GC invocations=13 (full 0):
 garbage-first heap   total 95232K, used 43422K [0x0000000080000000, 0x0000000100000000)
  region size 1024K, 5 young (5120K), 4 survivors (4096K)
 Metaspace       used 40930K, committed 41408K, reserved 1114112K
  class space    used 5632K, committed 5824K, reserved 1048576K
}
Event: 3.768 GC heap after
{Heap after GC invocations=14 (full 0):
 garbage-first heap   total 95232K, used 42667K [0x0000000080000000, 0x0000000100000000)
  region size 1024K, 1 young (1024K), 1 survivors (1024K)
 Metaspace       used 40930K, committed 41408K, reserved 1114112K
  class space    used 5632K, committed 5824K, reserved 1048576K
}
Event: 3.970 GC heap before
{Heap before GC invocations=14 (full 0):
 garbage-first heap   total 95232K, used 69291K [0x0000000080000000, 0x0000000100000000)
  region size 1024K, 28 young (28672K), 1 survivors (1024K)
 Metaspace       used 44476K, committed 44928K, reserved 1114112K
  class space    used 6023K, committed 6208K, reserved 1048576K
}
Event: 3.972 GC heap after
{Heap after GC invocations=15 (full 0):
 garbage-first heap   total 95232K, used 45792K [0x0000000080000000, 0x0000000100000000)
  region size 1024K, 4 young (4096K), 4 survivors (4096K)
 Metaspace       used 44476K, committed 44928K, reserved 1114112K
  class space    used 6023K, committed 6208K, reserved 1048576K
}
Event: 4.252 GC heap before
{Heap before GC invocations=16 (full 0):
 garbage-first heap   total 95232K, used 76512K [0x0000000080000000, 0x0000000100000000)
  region size 1024K, 30 young (30720K), 4 survivors (4096K)
 Metaspace       used 47549K, committed 48000K, reserved 1114112K
  class space    used 6366K, committed 6592K, reserved 1048576K
}
Event: 4.255 GC heap after
{Heap after GC invocations=17 (full 0):
 garbage-first heap   total 149504K, used 47176K [0x0000000080000000, 0x0000000100000000)
  region size 1024K, 3 young (3072K), 3 survivors (3072K)
 Metaspace       used 47549K, committed 48000K, reserved 1114112K
  class space    used 6366K, committed 6592K, reserved 1048576K
}
Event: 4.297 GC heap before
{Heap before GC invocations=17 (full 0):
 garbage-first heap   total 149504K, used 50248K [0x0000000080000000, 0x0000000100000000)
  region size 1024K, 7 young (7168K), 3 survivors (3072K)
 Metaspace       used 47975K, committed 48384K, reserved 1114112K
  class space    used 6440K, committed 6656K, reserved 1048576K
}
Event: 4.299 GC heap after
{Heap after GC invocations=18 (full 0):
 garbage-first heap   total 149504K, used 47599K [0x0000000080000000, 0x0000000100000000)
  region size 1024K, 1 young (1024K), 1 survivors (1024K)
 Metaspace       used 47975K, committed 48384K, reserved 1114112K
  class space    used 6440K, committed 6656K, reserved 1048576K
}

Dll operation events (3 events):
Event: 0.007 Loaded shared library C:\Program Files\Android\Android Studio\jbr\bin\java.dll
Event: 0.105 Loaded shared library C:\Program Files\Android\Android Studio\jbr\bin\zip.dll
Event: 0.405 Loaded shared library C:\Program Files\Android\Android Studio\jbr\bin\verify.dll

Deoptimization events (20 events):
Event: 4.587 Thread 0x0000016f85117950 DEOPT PACKING pc=0x0000016ff068d4d8 sp=0x00000060b6cf6080
Event: 4.587 Thread 0x0000016f85117950 DEOPT UNPACKING pc=0x0000016feff369a3 sp=0x00000060b6cf5f98 mode 2
Event: 4.598 Thread 0x0000016f85117950 Uncommon trap: trap_request=0xffffff45 fr.pc=0x0000016ff06c050c relative=0x0000000000000a2c
Event: 4.598 Thread 0x0000016f85117950 Uncommon trap: reason=unstable_if action=reinterpret pc=0x0000016ff06c050c method=java.lang.ClassLoader.checkCerts(Ljava/lang/String;Ljava/security/CodeSource;)V @ 30 c2
Event: 4.598 Thread 0x0000016f85117950 DEOPT PACKING pc=0x0000016ff06c050c sp=0x00000060b6cf7e30
Event: 4.598 Thread 0x0000016f85117950 DEOPT UNPACKING pc=0x0000016feff369a3 sp=0x00000060b6cf7d98 mode 2
Event: 4.599 Thread 0x0000016f85117950 Uncommon trap: trap_request=0xffffff45 fr.pc=0x0000016ff06bc4bc relative=0x000000000000155c
Event: 4.599 Thread 0x0000016f85117950 Uncommon trap: reason=unstable_if action=reinterpret pc=0x0000016ff06bc4bc method=java.lang.ClassLoader.postDefineClass(Ljava/lang/Class;Ljava/security/ProtectionDomain;)V @ 17 c2
Event: 4.599 Thread 0x0000016f85117950 DEOPT PACKING pc=0x0000016ff06bc4bc sp=0x00000060b6cf7e30
Event: 4.599 Thread 0x0000016f85117950 DEOPT UNPACKING pc=0x0000016feff369a3 sp=0x00000060b6cf7e20 mode 2
Event: 4.618 Thread 0x0000016f85117950 Uncommon trap: trap_request=0xffffff45 fr.pc=0x0000016ff068d824 relative=0x00000000000000a4
Event: 4.618 Thread 0x0000016f85117950 Uncommon trap: reason=unstable_if action=reinterpret pc=0x0000016ff068d824 method=org.gradle.internal.agents.DefaultClassFileTransformer.transform(Ljava/lang/ClassLoader;Ljava/lang/String;Ljava/lang/Class;Ljava/security/ProtectionDomain;[B)[B @ 4 c2
Event: 4.618 Thread 0x0000016f85117950 DEOPT PACKING pc=0x0000016ff068d824 sp=0x00000060b6cf6240
Event: 4.618 Thread 0x0000016f85117950 DEOPT UNPACKING pc=0x0000016feff369a3 sp=0x00000060b6cf61e0 mode 2
Event: 4.630 Thread 0x0000016f85117950 DEOPT PACKING pc=0x0000016fe8c173e9 sp=0x00000060b6cf49d0
Event: 4.630 Thread 0x0000016f85117950 DEOPT UNPACKING pc=0x0000016feff37143 sp=0x00000060b6cf3f50 mode 0
Event: 4.731 Thread 0x0000016f85117950 Uncommon trap: trap_request=0xffffff45 fr.pc=0x0000016ff05fff2c relative=0x0000000000003c6c
Event: 4.731 Thread 0x0000016f85117950 Uncommon trap: reason=unstable_if action=reinterpret pc=0x0000016ff05fff2c method=org.codehaus.groovy.runtime.metaclass.MetaMethodIndex.isOverridden(Lgroovy/lang/MetaMethod;Lgroovy/lang/MetaMethod;)Z @ 4 c2
Event: 4.731 Thread 0x0000016f85117950 DEOPT PACKING pc=0x0000016ff05fff2c sp=0x00000060b6cf69a0
Event: 4.731 Thread 0x0000016f85117950 DEOPT UNPACKING pc=0x0000016feff369a3 sp=0x00000060b6cf6958 mode 2

Classes unloaded (0 events):
No events

Classes redefined (0 events):
No events

Internal exceptions (20 events):
Event: 4.717 Thread 0x0000016f85117950 Exception <a 'java/lang/ClassNotFoundException'{0x0000000086a20370}: com/intellij/gradle/toolingExtension/util/GradleVersionUtilBeanInfo> (0x0000000086a20370) 
thrown [s\src\hotspot\share\classfile\systemDictionary.cpp, line 256]
Event: 4.718 Thread 0x0000016f85117950 Exception <a 'java/lang/ClassNotFoundException'{0x0000000086a2cd70}: com/intellij/gradle/toolingExtension/util/GradleVersionUtilCustomizer> (0x0000000086a2cd70) 
thrown [s\src\hotspot\share\classfile\systemDictionary.cpp, line 256]
Event: 4.722 Thread 0x0000016f85117950 Exception <a 'java/lang/ClassNotFoundException'{0x0000000086a8fed0}: org/jetbrains/plugins/gradle/tooling/builder/WarModelBuilderImplBeanInfo> (0x0000000086a8fed0) 
thrown [s\src\hotspot\share\classfile\systemDictionary.cpp, line 256]
Event: 4.723 Thread 0x0000016f85117950 Exception <a 'java/lang/ClassNotFoundException'{0x0000000086a9c668}: org/jetbrains/plugins/gradle/tooling/AbstractModelBuilderServiceBeanInfo> (0x0000000086a9c668) 
thrown [s\src\hotspot\share\classfile\systemDictionary.cpp, line 256]
Event: 4.723 Thread 0x0000016f85117950 Exception <a 'java/lang/ClassNotFoundException'{0x0000000086aa90c8}: org/jetbrains/plugins/gradle/tooling/AbstractModelBuilderServiceCustomizer> (0x0000000086aa90c8) 
thrown [s\src\hotspot\share\classfile\systemDictionary.cpp, line 256]
Event: 4.723 Thread 0x0000016f85117950 Exception <a 'java/lang/ClassNotFoundException'{0x0000000086ab8338}: org/jetbrains/plugins/gradle/tooling/builder/WarModelBuilderImplCustomizer> (0x0000000086ab8338) 
thrown [s\src\hotspot\share\classfile\systemDictionary.cpp, line 256]
Event: 4.732 Thread 0x0000016f85117950 Exception <a 'java/lang/ClassNotFoundException'{0x0000000086988e70}: org/jetbrains/plugins/gradle/tooling/builder/EarModelBuilderImplBeanInfo> (0x0000000086988e70) 
thrown [s\src\hotspot\share\classfile\systemDictionary.cpp, line 256]
Event: 4.732 Thread 0x0000016f85117950 Exception <a 'java/lang/ClassNotFoundException'{0x0000000086995388}: org/jetbrains/plugins/gradle/tooling/builder/EarModelBuilderImplCustomizer> (0x0000000086995388) 
thrown [s\src\hotspot\share\classfile\systemDictionary.cpp, line 256]
Event: 4.740 Thread 0x0000016f85117950 Exception <a 'java/lang/ClassNotFoundException'{0x000000008686ae08}: org/jetbrains/plugins/gradle/tooling/builder/ExternalTestsModelBuilderImplBeanInfo> (0x000000008686ae08) 
thrown [s\src\hotspot\share\classfile\systemDictionary.cpp, line 256]
Event: 4.740 Thread 0x0000016f85117950 Exception <a 'java/lang/ClassNotFoundException'{0x00000000868773c0}: org/jetbrains/plugins/gradle/tooling/builder/ExternalTestsModelBuilderImplCustomizer> (0x00000000868773c0) 
thrown [s\src\hotspot\share\classfile\systemDictionary.cpp, line 256]
Event: 4.763 Thread 0x0000016f85117950 Exception <a 'java/lang/ClassNotFoundException'{0x00000000866d7000}: org/jetbrains/plugins/gradle/tooling/builder/ProjectExtensionsDataBuilderImplBeanInfo> (0x00000000866d7000) 
thrown [s\src\hotspot\share\classfile\systemDictionary.cpp, line 256]
Event: 4.763 Thread 0x0000016f85117950 Exception <a 'java/lang/ClassNotFoundException'{0x00000000866e35c0}: org/jetbrains/plugins/gradle/tooling/builder/ProjectExtensionsDataBuilderImplCustomizer> (0x00000000866e35c0) 
thrown [s\src\hotspot\share\classfile\systemDictionary.cpp, line 256]
Event: 4.766 Thread 0x0000016f85117950 Exception <a 'java/lang/ClassNotFoundException'{0x0000000086524f38}: org/jetbrains/plugins/gradle/tooling/builder/IntelliJSettingsBuilderBeanInfo> (0x0000000086524f38) 
thrown [s\src\hotspot\share\classfile\systemDictionary.cpp, line 256]
Event: 4.766 Thread 0x0000016f85117950 Exception <a 'java/lang/ClassNotFoundException'{0x0000000086531478}: org/jetbrains/plugins/gradle/tooling/builder/IntelliJSettingsBuilderCustomizer> (0x0000000086531478) 
thrown [s\src\hotspot\share\classfile\systemDictionary.cpp, line 256]
Event: 4.768 Thread 0x0000016f85117950 Exception <a 'java/lang/ClassNotFoundException'{0x00000000865673c0}: org/jetbrains/plugins/gradle/tooling/builder/IntelliJProjectSettingsBuilderBeanInfo> (0x00000000865673c0) 
thrown [s\src\hotspot\share\classfile\systemDictionary.cpp, line 256]
Event: 4.768 Thread 0x0000016f85117950 Exception <a 'java/lang/ClassNotFoundException'{0x0000000086573980}: org/jetbrains/plugins/gradle/tooling/builder/IntelliJProjectSettingsBuilderCustomizer> (0x0000000086573980) 
thrown [s\src\hotspot\share\classfile\systemDictionary.cpp, line 256]
Event: 4.774 Thread 0x0000016f85117950 Exception <a 'java/lang/ClassNotFoundException'{0x00000000864126a8}: org/gradle/util/GradleVersionBeanInfo> (0x00000000864126a8) 
thrown [s\src\hotspot\share\classfile\systemDictionary.cpp, line 256]
Event: 4.775 Thread 0x0000016f85117950 Exception <a 'java/lang/ClassNotFoundException'{0x0000000086427200}: org/gradle/util/GradleVersionCustomizer> (0x0000000086427200) 
thrown [s\src\hotspot\share\classfile\systemDictionary.cpp, line 256]
Event: 4.778 Thread 0x0000016f85117950 Exception <a 'java/lang/ClassNotFoundException'{0x00000000864663f0}: org/gradle/util/internal/DefaultGradleVersionBeanInfo> (0x00000000864663f0) 
thrown [s\src\hotspot\share\classfile\systemDictionary.cpp, line 256]
Event: 4.779 Thread 0x0000016f85117950 Exception <a 'java/lang/ClassNotFoundException'{0x000000008647b4f0}: org/gradle/util/internal/DefaultGradleVersionCustomizer> (0x000000008647b4f0) 
thrown [s\src\hotspot\share\classfile\systemDictionary.cpp, line 256]

VM Operations (20 events):
Event: 4.189 Executing VM operation: HandshakeAllThreads
Event: 4.189 Executing VM operation: HandshakeAllThreads done
Event: 4.233 Executing VM operation: HandshakeAllThreads
Event: 4.233 Executing VM operation: HandshakeAllThreads done
Event: 4.252 Executing VM operation: G1CollectForAllocation
Event: 4.255 Executing VM operation: G1CollectForAllocation done
Event: 4.297 Executing VM operation: G1CollectForAllocation
Event: 4.299 Executing VM operation: G1CollectForAllocation done
Event: 4.416 Executing VM operation: HandshakeAllThreads
Event: 4.416 Executing VM operation: HandshakeAllThreads done
Event: 4.594 Executing VM operation: ICBufferFull
Event: 4.594 Executing VM operation: ICBufferFull done
Event: 4.605 Executing VM operation: HandshakeAllThreads
Event: 4.605 Executing VM operation: HandshakeAllThreads done
Event: 4.605 Executing VM operation: HandshakeAllThreads
Event: 4.605 Executing VM operation: HandshakeAllThreads done
Event: 4.612 Executing VM operation: HandshakeAllThreads
Event: 4.612 Executing VM operation: HandshakeAllThreads done
Event: 4.618 Executing VM operation: HandshakeAllThreads
Event: 4.619 Executing VM operation: HandshakeAllThreads done

Events (20 events):
Event: 4.622 Thread 0x0000016fff882980 flushing nmethod 0x0000016fe90dd210
Event: 4.622 Thread 0x0000016fff882980 flushing nmethod 0x0000016fe90e4b90
Event: 4.622 Thread 0x0000016fff882980 flushing nmethod 0x0000016fe90e5090
Event: 4.622 Thread 0x0000016fff882980 flushing nmethod 0x0000016fe90e5790
Event: 4.622 Thread 0x0000016fff882980 flushing nmethod 0x0000016fe90e5f90
Event: 4.622 Thread 0x0000016fff882980 flushing nmethod 0x0000016fe90e6790
Event: 4.622 Thread 0x0000016fff882980 flushing nmethod 0x0000016fe90ea390
Event: 4.622 Thread 0x0000016fff882980 flushing nmethod 0x0000016fe90eb490
Event: 4.622 Thread 0x0000016fff882980 flushing nmethod 0x0000016fe90eba10
Event: 4.622 Thread 0x0000016fff882980 flushing nmethod 0x0000016fe9101890
Event: 4.622 Thread 0x0000016fff882980 flushing nmethod 0x0000016fe9113190
Event: 4.622 Thread 0x0000016fff882980 flushing nmethod 0x0000016fe9113d10
Event: 4.622 Thread 0x0000016fff882980 flushing nmethod 0x0000016fe9114510
Event: 4.622 Thread 0x0000016fff882980 flushing nmethod 0x0000016fe9114f10
Event: 4.622 Thread 0x0000016fff882980 flushing nmethod 0x0000016fe9116410
Event: 4.622 Thread 0x0000016fff882980 flushing nmethod 0x0000016fe9123b90
Event: 4.622 Thread 0x0000016fff882980 flushing nmethod 0x0000016fe912b190
Event: 4.622 Thread 0x0000016fff882980 flushing nmethod 0x0000016fe912bf10
Event: 4.622 Thread 0x0000016fff882980 flushing nmethod 0x0000016fe9134b10
Event: 4.622 Thread 0x0000016fff882980 flushing nmethod 0x0000016fe9154f90


Dynamic libraries:
0x00007ff636dd0000 - 0x00007ff636dda000 	C:\Program Files\Android\Android Studio\jbr\bin\java.exe
0x00007ff9eda90000 - 0x00007ff9edca7000 	C:\WINDOWS\SYSTEM32\ntdll.dll
0x00007ff9ecdf0000 - 0x00007ff9eceb4000 	C:\WINDOWS\System32\KERNEL32.DLL
0x00007ff9eae60000 - 0x00007ff9eb20d000 	C:\WINDOWS\System32\KERNELBASE.dll
0x00007ff9eb3a0000 - 0x00007ff9eb4b1000 	C:\WINDOWS\System32\ucrtbase.dll
0x00007ff974660000 - 0x00007ff974677000 	C:\Program Files\Android\Android Studio\jbr\bin\jli.dll
0x00007ff94be70000 - 0x00007ff94be8b000 	C:\Program Files\Android\Android Studio\jbr\bin\VCRUNTIME140.dll
0x00007ff9ed330000 - 0x00007ff9ed4de000 	C:\WINDOWS\System32\USER32.dll
0x00007ff9eb4c0000 - 0x00007ff9eb4e6000 	C:\WINDOWS\System32\win32u.dll
0x00007ff9dc0b0000 - 0x00007ff9dc343000 	C:\WINDOWS\WinSxS\amd64_microsoft.windows.common-controls_6595b64144ccf1df_6.0.22621.3672_none_2713b9d173822955\COMCTL32.dll
0x00007ff9ecec0000 - 0x00007ff9ecee9000 	C:\WINDOWS\System32\GDI32.dll
0x00007ff9eb8b0000 - 0x00007ff9eb957000 	C:\WINDOWS\System32\msvcrt.dll
0x00007ff9eb280000 - 0x00007ff9eb399000 	C:\WINDOWS\System32\gdi32full.dll
0x00007ff9eadc0000 - 0x00007ff9eae5a000 	C:\WINDOWS\System32\msvcp_win.dll
0x00007ff9ebaa0000 - 0x00007ff9ebad1000 	C:\WINDOWS\System32\IMM32.DLL
0x00007ff9ade40000 - 0x00007ff9ade4c000 	C:\Program Files\Android\Android Studio\jbr\bin\vcruntime140_1.dll
0x00007ff93a480000 - 0x00007ff93a50d000 	C:\Program Files\Android\Android Studio\jbr\bin\msvcp140.dll
0x00007ff91c2d0000 - 0x00007ff91cf53000 	C:\Program Files\Android\Android Studio\jbr\bin\server\jvm.dll
0x00007ff9ed6a0000 - 0x00007ff9ed752000 	C:\WINDOWS\System32\ADVAPI32.dll
0x00007ff9ecef0000 - 0x00007ff9ecf99000 	C:\WINDOWS\System32\sechost.dll
0x00007ff9eb570000 - 0x00007ff9eb598000 	C:\WINDOWS\System32\bcrypt.dll
0x00007ff9eccd0000 - 0x00007ff9ecde4000 	C:\WINDOWS\System32\RPCRT4.dll
0x00007ff9e6320000 - 0x00007ff9e6329000 	C:\WINDOWS\SYSTEM32\WSOCK32.dll
0x00007ff9ea800000 - 0x00007ff9ea84d000 	C:\WINDOWS\SYSTEM32\POWRPROF.dll
0x00007ff9d94c0000 - 0x00007ff9d94f4000 	C:\WINDOWS\SYSTEM32\WINMM.dll
0x00007ff9e4ac0000 - 0x00007ff9e4aca000 	C:\WINDOWS\SYSTEM32\VERSION.dll
0x00007ff9ebc90000 - 0x00007ff9ebd01000 	C:\WINDOWS\System32\WS2_32.dll
0x00007ff9ea620000 - 0x00007ff9ea633000 	C:\WINDOWS\SYSTEM32\UMPDC.dll
0x00007ff9e9db0000 - 0x00007ff9e9dc8000 	C:\WINDOWS\SYSTEM32\kernel.appcore.dll
0x00007ff9dcea0000 - 0x00007ff9dceaa000 	C:\Program Files\Android\Android Studio\jbr\bin\jimage.dll
0x00007ff9d8d20000 - 0x00007ff9d8f52000 	C:\WINDOWS\SYSTEM32\DBGHELP.DLL
0x00007ff9ecfa0000 - 0x00007ff9ed328000 	C:\WINDOWS\System32\combase.dll
0x00007ff9eb7d0000 - 0x00007ff9eb8a7000 	C:\WINDOWS\System32\OLEAUT32.dll
0x00007ff9c0fb0000 - 0x00007ff9c0fe2000 	C:\WINDOWS\SYSTEM32\dbgcore.DLL
0x00007ff9eb4f0000 - 0x00007ff9eb56b000 	C:\WINDOWS\System32\bcryptPrimitives.dll
0x00007ff9b2080000 - 0x00007ff9b208e000 	C:\Program Files\Android\Android Studio\jbr\bin\instrument.dll
0x00007ff9dc580000 - 0x00007ff9dc5a5000 	C:\Program Files\Android\Android Studio\jbr\bin\java.dll
0x00007ff9dce80000 - 0x00007ff9dce98000 	C:\Program Files\Android\Android Studio\jbr\bin\zip.dll
0x00007ff9ec470000 - 0x00007ff9ecccf000 	C:\WINDOWS\System32\SHELL32.dll
0x00007ff9e8c90000 - 0x00007ff9e958c000 	C:\WINDOWS\SYSTEM32\windows.storage.dll
0x00007ff9e8b50000 - 0x00007ff9e8c8f000 	C:\WINDOWS\SYSTEM32\wintypes.dll
0x00007ff9ed5a0000 - 0x00007ff9ed694000 	C:\WINDOWS\System32\SHCORE.dll
0x00007ff9ec190000 - 0x00007ff9ec1ee000 	C:\WINDOWS\System32\shlwapi.dll
0x00007ff9eacf0000 - 0x00007ff9ead11000 	C:\WINDOWS\SYSTEM32\profapi.dll
0x00007ff9b41a0000 - 0x00007ff9b41b9000 	C:\Program Files\Android\Android Studio\jbr\bin\net.dll
0x00007ff9e4760000 - 0x00007ff9e4896000 	C:\WINDOWS\SYSTEM32\WINHTTP.dll
0x00007ff9ea210000 - 0x00007ff9ea279000 	C:\WINDOWS\system32\mswsock.dll
0x00007ff98e570000 - 0x00007ff98e586000 	C:\Program Files\Android\Android Studio\jbr\bin\nio.dll
0x00007ff9b2390000 - 0x00007ff9b23a0000 	C:\Program Files\Android\Android Studio\jbr\bin\verify.dll
0x00007ff948c30000 - 0x00007ff948c57000 	C:\Users\USUARIO\.gradle\native\c067742578af261105cb4f569cf0c3c89f3d7b1fecec35dd04571415982c5e48\windows-amd64\native-platform.dll
0x00007ff937500000 - 0x00007ff937644000 	C:\Users\USUARIO\.gradle\native\38dada09dfb8b06ba9b0570ebf7e218e3eb74d4ef43ca46872605cf95ebc2f47\windows-amd64\native-platform-file-events.dll
0x00007ff9b4a50000 - 0x00007ff9b4a59000 	C:\Program Files\Android\Android Studio\jbr\bin\management.dll
0x00007ff9b4190000 - 0x00007ff9b419b000 	C:\Program Files\Android\Android Studio\jbr\bin\management_ext.dll
0x00007ff9ed4e0000 - 0x00007ff9ed4e8000 	C:\WINDOWS\System32\PSAPI.DLL
0x00007ff9ea5d0000 - 0x00007ff9ea5eb000 	C:\WINDOWS\SYSTEM32\CRYPTSP.dll
0x00007ff9e9d10000 - 0x00007ff9e9d45000 	C:\WINDOWS\system32\rsaenh.dll
0x00007ff9ea2b0000 - 0x00007ff9ea2d8000 	C:\WINDOWS\SYSTEM32\USERENV.dll
0x00007ff9ea5b0000 - 0x00007ff9ea5bc000 	C:\WINDOWS\SYSTEM32\CRYPTBASE.dll
0x00007ff9e97f0000 - 0x00007ff9e981d000 	C:\WINDOWS\SYSTEM32\IPHLPAPI.DLL
0x00007ff9ec460000 - 0x00007ff9ec469000 	C:\WINDOWS\System32\NSI.dll
0x00007ff9e4530000 - 0x00007ff9e4549000 	C:\WINDOWS\SYSTEM32\dhcpcsvc6.DLL
0x00007ff9e4550000 - 0x00007ff9e456f000 	C:\WINDOWS\SYSTEM32\dhcpcsvc.DLL
0x00007ff9e9860000 - 0x00007ff9e9958000 	C:\WINDOWS\SYSTEM32\DNSAPI.dll
0x00007ff9bb750000 - 0x00007ff9bb759000 	C:\Program Files\Android\Android Studio\jbr\bin\extnet.dll
0x00007ff9b9b10000 - 0x00007ff9b9b18000 	C:\WINDOWS\system32\wshunix.dll

dbghelp: loaded successfully - version: 4.0.5 - missing functions: none
symbol engine: initialized successfully - sym options: 0x614 - pdb path: .;C:\Program Files\Android\Android Studio\jbr\bin;C:\WINDOWS\SYSTEM32;C:\WINDOWS\WinSxS\amd64_microsoft.windows.common-controls_6595b64144ccf1df_6.0.22621.3672_none_2713b9d173822955;C:\Program Files\Android\Android Studio\jbr\bin\server;C:\Users\USUARIO\.gradle\native\c067742578af261105cb4f569cf0c3c89f3d7b1fecec35dd04571415982c5e48\windows-amd64;C:\Users\USUARIO\.gradle\native\38dada09dfb8b06ba9b0570ebf7e218e3eb74d4ef43ca46872605cf95ebc2f47\windows-amd64

VM Arguments:
jvm_args: --add-opens=java.base/java.util=ALL-UNNAMED --add-opens=java.base/java.lang=ALL-UNNAMED --add-opens=java.base/java.lang.invoke=ALL-UNNAMED --add-opens=java.prefs/java.util.prefs=ALL-UNNAMED --add-opens=java.base/java.nio.charset=ALL-UNNAMED --add-opens=java.base/java.net=ALL-UNNAMED --add-opens=java.base/java.util.concurrent.atomic=ALL-UNNAMED -Xmx2048m -Dfile.encoding=UTF-8 -Duser.country=SV -Duser.language=es -Duser.variant -javaagent:C:\Users\USUARIO\.gradle\wrapper\dists\gradle-8.7-bin\bhs2wmbdwecv87pi65oeuq5iu\gradle-8.7\lib\agents\gradle-instrumentation-agent-8.7.jar 
java_command: org.gradle.launcher.daemon.bootstrap.GradleDaemon 8.7
java_class_path (initial): C:\Users\USUARIO\.gradle\wrapper\dists\gradle-8.7-bin\bhs2wmbdwecv87pi65oeuq5iu\gradle-8.7\lib\gradle-launcher-8.7.jar
Launcher Type: SUN_STANDARD

[Global flags]
     intx CICompilerCount                          = 4                                         {product} {ergonomic}
     uint ConcGCThreads                            = 3                                         {product} {ergonomic}
     uint G1ConcRefinementThreads                  = 10                                        {product} {ergonomic}
   size_t G1HeapRegionSize                         = 1048576                                   {product} {ergonomic}
    uintx GCDrainStackTargetSize                   = 64                                        {product} {ergonomic}
   size_t InitialHeapSize                          = 266338304                                 {product} {ergonomic}
   size_t MarkStackSize                            = 4194304                                   {product} {ergonomic}
   size_t MaxHeapSize                              = 2147483648                                {product} {command line}
   size_t MaxNewSize                               = 1287651328                                {product} {ergonomic}
   size_t MinHeapDeltaBytes                        = 1048576                                   {product} {ergonomic}
   size_t MinHeapSize                              = 8388608                                   {product} {ergonomic}
    uintx NonNMethodCodeHeapSize                   = 5839372                                {pd product} {ergonomic}
    uintx NonProfiledCodeHeapSize                  = 122909434                              {pd product} {ergonomic}
    uintx ProfiledCodeHeapSize                     = 122909434                              {pd product} {ergonomic}
    uintx ReservedCodeCacheSize                    = 251658240                              {pd product} {ergonomic}
     bool SegmentedCodeCache                       = true                                      {product} {ergonomic}
   size_t SoftMaxHeapSize                          = 2147483648                             {manageable} {ergonomic}
     bool UseCompressedClassPointers               = true                           {product lp64_product} {ergonomic}
     bool UseCompressedOops                        = true                           {product lp64_product} {ergonomic}
     bool UseG1GC                                  = true                                      {product} {ergonomic}
     bool UseLargePagesIndividualAllocation        = false                                  {pd product} {ergonomic}

Logging:
Log output configuration:
 #0: stdout all=warning uptime,level,tags
 #1: stderr all=off uptime,level,tags

Environment Variables:
PATH=C:\app\USUARIO\product\21c\dbhomeXE\bin;C:\Program Files\Microsoft MPI\Bin\;C:\Program Files\Common Files\Oracle\Java\javapath;C:\Program Files (x86)\Common Files\Oracle\Java\javapath;C:\ProgramData\Oracle\Java\javapath;C:\Windows\system32;C:\Windows;C:\Windows\System32\Wbem;C:\Windows\System32\WindowsPowerShell\v1.0\;C:\Windows\System32\OpenSSH\;C:\Program Files (x86)\NVIDIA Corporation\PhysX\Common;C:\Program Files\NVIDIA Corporation\NVIDIA NvDLISR;C:\Program Files\Microsoft SQL Server\Client SDK\ODBC\170\Tools\Binn\;C:\Program Files\Azure Data Studio\bin;C:\Program Files (x86)\Microsoft SQL Server\160\Tools\Binn\;C:\Program Files\Microsoft SQL Server\160\Tools\Binn\;C:\Program Files\Microsoft SQL Server\160\DTS\Binn\;C:\Program Files\Git\cmd;C:\Program Files (x86)\Microsoft SQL Server\160\DTS\Binn\;C:\Program Files\dotnet\;C:\Program Files\Microsoft SQL Server\150\Tools\Binn\;C:\WINDOWS\system32;C:\WINDOWS;C:\WINDOWS\System32\Wbem;C:\WINDOWS\System32\WindowsPowerShell\v1.0\;C:\WINDOWS\System32\OpenSSH\;C:\Users\USUARIO\AppData\Local\Microsoft\WindowsApps;;C:\Program Files\Azure Data Studio\bin;C:\Users\USUARIO\AppData\Local\Programs\Microsoft VS Code\bin;C:\Users\USUARIO\.dotnet\tools
USERNAME=USUARIO
OS=Windows_NT
PROCESSOR_IDENTIFIER=Intel64 Family 6 Model 165 Stepping 3, GenuineIntel
TMP=C:\Users\USUARIO\AppData\Local\Temp
TEMP=C:\Users\USUARIO\AppData\Local\Temp



Periodic native trim disabled

JNI global refs:
JNI global refs: 26, weak refs: 1

JNI global refs memory usage: 843, weak refs: 841

OOME stack traces (most recent first):
Classloader memory used:
Loader org.gradle.internal.classloader.VisitableURLClassLoader                         : 3142K
Loader bootstrap                                                                       : 2377K
Loader org.gradle.initialization.MixInLegacyTypesClassLoader                           : 768K
Loader org.gradle.internal.classloader.VisitableURLClassLoader                         : 79716B
Loader org.gradle.internal.classloader.VisitableURLClassLoader$InstrumentingVisitableURLClassLoader: 75334B
Loader jdk.internal.loader.ClassLoaders$PlatformClassLoader                            : 67979B
Loader jdk.internal.loader.ClassLoaders$AppClassLoader                                 : 28716B
Loader jdk.internal.reflect.DelegatingClassLoader                                      : 26582B
Loader org.gradle.groovy.scripts.internal.DefaultScriptCompilationHandler$ScriptClassLoader: 10876B
Loader org.codehaus.groovy.runtime.callsite.CallSiteClassLoader                        : 6078B

Classes loaded by more than one classloader:
Class org.gradle.api.GradleException                                                  : loaded 3 times (x 80B)
Class org.gradle.util.GradleVersion                                                   : loaded 2 times (x 81B)
Class org.jetbrains.plugins.gradle.model.MavenRepositoryModel                         : loaded 2 times (x 68B)
Class org.gradle.internal.classpath.ClassPath                                         : loaded 2 times (x 68B)
Class org.gradle.api.internal.classpath.DefaultModuleRegistry                         : loaded 2 times (x 84B)
Class org.gradle.internal.exceptions.NonGradleCauseExceptionsHolder                   : loaded 2 times (x 68B)
Class org.gradle.api.Action                                                           : loaded 2 times (x 68B)
Class org.gradle.api.internal.DefaultClassPathProvider                                : loaded 2 times (x 74B)
Class org.gradle.internal.installation.GradleInstallation$1                           : loaded 2 times (x 73B)
Class org.gradle.internal.exceptions.DefaultMultiCauseException                       : loaded 2 times (x 93B)
Class org.gradle.internal.time.MonotonicClock                                         : loaded 2 times (x 75B)
Class org.gradle.internal.classloader.FilteringClassLoader                            : loaded 2 times (x 103B)
Class org.gradle.internal.classpath.DefaultClassPath$ImmutableUniqueList$Builder      : loaded 2 times (x 73B)
Class org.gradle.internal.classloader.ClassLoaderVisitor                              : loaded 2 times (x 74B)
Class org.gradle.internal.time.DefaultCountdownTimer                                  : loaded 2 times (x 86B)
Class org.gradle.internal.service.DefaultServiceLocator                               : loaded 2 times (x 81B)
Class org.gradle.internal.service.UnknownServiceException                             : loaded 2 times (x 81B)
Class org.gradle.internal.classloader.DefaultClassLoaderFactory                       : loaded 2 times (x 80B)
Class org.gradle.internal.classloader.VisitableURLClassLoader$Spec                    : loaded 2 times (x 72B)
Class org.gradle.tooling.model.ProjectModel                                           : loaded 2 times (x 68B)
Class org.gradle.internal.installation.GradleInstallation                             : loaded 2 times (x 73B)
Class org.gradle.api.internal.classpath.ModuleRegistry                                : loaded 2 times (x 68B)
Class org.jetbrains.plugins.gradle.model.RepositoriesModel                            : loaded 2 times (x 68B)
Class kotlin.jvm.internal.markers.KMappedMarker                                       : loaded 2 times (x 68B)
Class org.gradle.api.internal.ClassPathProvider                                       : loaded 2 times (x 68B)
Class org.gradle.internal.classloader.ClasspathUtil$1                                 : loaded 2 times (x 74B)
Class org.gradle.internal.classloader.ClassLoaderFactory                              : loaded 2 times (x 68B)
Class org.gradle.api.internal.classpath.ManifestUtil                                  : loaded 2 times (x 69B)
Class org.gradle.api.specs.Spec                                                       : loaded 2 times (x 68B)
Class org.gradle.internal.IoActions                                                   : loaded 2 times (x 69B)
Class org.gradle.api.internal.classpath.EffectiveClassPath                            : loaded 2 times (x 88B)
Class org.gradle.internal.exceptions.ResolutionProvider                               : loaded 2 times (x 68B)
Class org.gradle.internal.installation.CurrentGradleInstallation                      : loaded 2 times (x 71B)
Class org.gradle.internal.agents.InstrumentingClassLoader                             : loaded 2 times (x 68B)
Class org.gradle.internal.installation.CurrentGradleInstallationLocator               : loaded 2 times (x 69B)
Class org.gradle.api.internal.classpath.Module                                        : loaded 2 times (x 68B)
Class org.gradle.internal.service.CachingServiceLocator                               : loaded 2 times (x 80B)
Class org.gradle.internal.time.Timer                                                  : loaded 2 times (x 68B)
Class org.gradle.internal.classpath.DefaultClassPath                                  : loaded 2 times (x 88B)
Class org.gradle.internal.time.Time                                                   : loaded 2 times (x 69B)
Class org.gradle.internal.time.TimeSource$1                                           : loaded 2 times (x 75B)
Class org.gradle.internal.classloader.SystemClassLoaderSpec                           : loaded 2 times (x 69B)
Class kotlin.Function                                                                 : loaded 2 times (x 68B)
Class org.gradle.api.UncheckedIOException                                             : loaded 2 times (x 80B)
Class org.gradle.internal.time.Clock                                                  : loaded 2 times (x 68B)
Class org.gradle.internal.time.CountdownTimer                                         : loaded 2 times (x 68B)
Class org.gradle.internal.classloader.ClasspathUtil                                   : loaded 2 times (x 69B)
Class org.gradle.api.internal.DefaultClassPathRegistry                                : loaded 2 times (x 74B)
Class org.gradle.api.internal.classpath.DefaultModuleRegistry$DefaultModule           : loaded 2 times (x 84B)
Class org.gradle.internal.time.TimeSource                                             : loaded 2 times (x 68B)
Class org.gradle.api.internal.classpath.UnknownModuleException                        : loaded 2 times (x 80B)
Class org.gradle.internal.service.ServiceLookupException                              : loaded 2 times (x 80B)
Class org.gradle.cache.GlobalCache                                                    : loaded 2 times (x 68B)
Class [Lorg.gradle.api.internal.ClassPathProvider;                                    : loaded 2 times (x 67B)
Class org.gradle.internal.operations.MultipleBuildOperationFailures                   : loaded 2 times (x 93B)
Class org.gradle.util.internal.GUtil                                                  : loaded 2 times (x 69B)
Class org.gradle.internal.classloader.ClassLoaderSpec                                 : loaded 2 times (x 69B)
Class org.gradle.internal.classloader.VisitableURLClassLoader                         : loaded 2 times (x 115B)
Class org.gradle.internal.Cast                                                        : loaded 2 times (x 69B)
Class ijInit1_bt3pubz7ew9gc2t23wvwdnn93                                               : loaded 2 times (x 177B)
Class org.gradle.api.internal.ClassPathRegistry                                       : loaded 2 times (x 68B)
Class org.gradle.internal.classloader.VisitableURLClassLoader$InstrumentingVisitableURLClassLoader: loaded 2 times (x 121B)
Class org.gradle.internal.classloader.ClassLoaderHierarchy                            : loaded 2 times (x 68B)
Class org.gradle.internal.exceptions.MultiCauseException                              : loaded 2 times (x 68B)
Class org.gradle.internal.InternalTransformer                                         : loaded 2 times (x 68B)
Class org.gradle.internal.service.ServiceLocator                                      : loaded 2 times (x 68B)
Class org.gradle.internal.classpath.DefaultClassPath$ImmutableUniqueList              : loaded 2 times (x 159B)
Class org.gradle.internal.time.DefaultTimer                                           : loaded 2 times (x 78B)
Class org.gradle.internal.classpath.TransformedClassPath                              : loaded 2 times (x 94B)
Class sync_studio_tooling5_1ofg0baydrnjqrptoeq4gg4v7                                  : loaded 2 times (x 177B)
Class sync_studio_tooling5_1ofg0baydrnjqrptoeq4gg4v7$_run_closure1                    : loaded 2 times (x 137B)


---------------  S Y S T E M  ---------------

OS:
 Windows 11 , 64 bit Build 22621 (10.0.22621.3672)
OS uptime: 0 days 20:25 hours
Hyper-V role detected

CPU: total 12 (initial active 12) (6 cores per cpu, 2 threads per core) family 6 model 165 stepping 3 microcode 0xe0, cx8, cmov, fxsr, ht, mmx, 3dnowpref, sse, sse2, sse3, ssse3, sse4.1, sse4.2, popcnt, lzcnt, tsc, tscinvbit, avx, avx2, aes, erms, clmul, bmi1, bmi2, adx, fma, vzeroupper, clflush, clflushopt, hv
Processor Information for all 12 processors :
  Max Mhz: 2904, Current Mhz: 2904, Mhz Limit: 2904

Memory: 4k page, system-wide physical 16218M (667M free)
TotalPageFile size 24410M (AvailPageFile size 6M)
current process WorkingSet (physical memory assigned to process): 322M, peak: 322M
current process commit charge ("private bytes"): 379M, peak: 402M

vm_info: OpenJDK 64-Bit Server VM (17.0.10+0--11609105) for windows-amd64 JRE (17.0.10+0--11609105), built on Mar 21 2024 19:10:56 by "androidbuild" with MS VC++ 16.10 / 16.11 (VS2019)

END.
