#
# There is insufficient memory for the Java Runtime Environment to continue.
# Native memory allocation (mmap) failed to map 266338304 bytes for G1 virtual space
# Possible reasons:
#   The system is out of physical RAM or swap space
#   The process is running with CompressedOops enabled, and the Java Heap may be blocking the growth of the native heap
# Possible solutions:
#   Reduce memory load on the system
#   Increase physical memory or swap space
#   Check if swap backing store is full
#   Decrease Java heap size (-Xmx/-Xms)
#   Decrease number of Java threads
#   Decrease Java thread stack sizes (-Xss)
#   Set larger code cache with -XX:ReservedCodeCacheSize=
#   JVM is running with Zero Based Compressed Oops mode in which the Java heap is
#     placed in the first 32GB address space. The Java Heap base address is the
#     maximum limit for the native heap growth. Please use -XX:HeapBaseMinAddress
#     to set the Java Heap base and to place the Java Heap above 32GB virtual address.
# This output file may be truncated or incomplete.
#
#  Out of Memory Error (os_windows.cpp:3825), pid=24268, tid=21860
#
# JRE version:  (17.0.10) (build )
# Java VM: OpenJDK 64-Bit Server VM (17.0.10+0--11609105, mixed mode, sharing, tiered, compressed oops, compressed class ptrs, g1 gc, windows-amd64)
# No core dump will be written. Minidumps are not enabled by default on client versions of Windows
#

---------------  S U M M A R Y ------------

Command Line: org.jetbrains.kotlin.cli.jvm.K2JVMCompiler @C:\Users\USUARIO\Desktop\ProyectoFormativoBloom\app\build\20240721_8360608718734367791.compiler.options

Host: Intel(R) Core(TM) i5-10400 CPU @ 2.90GHz, 12 cores, 15G,  Windows 11 , 64 bit Build 22621 (10.0.22621.3672)
Time: Sun Jul 21 16:44:17 2024 Hora estándar, América Central elapsed time: 0.008617 seconds (0d 0h 0m 0s)

---------------  T H R E A D  ---------------

Current thread (0x00000266d775b2c0):  JavaThread "Unknown thread" [_thread_in_vm, id=21860, stack(0x000000bc0a300000,0x000000bc0a400000)]

Stack: [0x000000bc0a300000,0x000000bc0a400000]
Native frames: (J=compiled Java code, j=interpreted, Vv=VM code, C=native code)
V  [jvm.dll+0x688de9]
V  [jvm.dll+0x8423da]
V  [jvm.dll+0x84401e]
V  [jvm.dll+0x844683]
V  [jvm.dll+0x24be0f]
V  [jvm.dll+0x685bb9]
V  [jvm.dll+0x67a46a]
V  [jvm.dll+0x30cbab]
V  [jvm.dll+0x314056]
V  [jvm.dll+0x363dce]
V  [jvm.dll+0x363fff]
V  [jvm.dll+0x2e2978]
V  [jvm.dll+0x2e38e4]
V  [jvm.dll+0x812f71]
V  [jvm.dll+0x371c81]
V  [jvm.dll+0x7f1ac6]
V  [jvm.dll+0x3f58df]
V  [jvm.dll+0x3f7511]
C  [jli.dll+0x528f]
C  [ucrtbase.dll+0x29333]
C  [KERNEL32.DLL+0x1257d]
C  [ntdll.dll+0x5af28]


---------------  P R O C E S S  ---------------

Threads class SMR info:
_java_thread_list=0x00007ff91ce0ef58, length=0, elements={
}

Java Threads: ( => current thread )

Other Threads:
  0x00000266d77c85a0 GCTaskThread "GC Thread#0" [stack: 0x000000bc0a400000,0x000000bc0a500000] [id=13132]
  0x00000266d77d9270 ConcurrentGCThread "G1 Main Marker" [stack: 0x000000bc0a500000,0x000000bc0a600000] [id=9264]
  0x00000266d77daca0 ConcurrentGCThread "G1 Conc#0" [stack: 0x000000bc0a600000,0x000000bc0a700000] [id=15448]

[error occurred during error reporting (printing all threads), id 0xc0000005, EXCEPTION_ACCESS_VIOLATION (0xc0000005) at pc=0x00007ff91c5c3547]

VM state: not at safepoint (not fully initialized)

VM Mutex/Monitor currently owned by a thread:  ([mutex/lock_event])
[0x00000266d7758670] Heap_lock - owner thread: 0x00000266d775b2c0

Heap address: 0x0000000702800000, size: 4056 MB, Compressed Oops mode: Zero based, Oop shift amount: 3

CDS archive(s) mapped at: [0x0000000000000000-0x0000000000000000-0x0000000000000000), size 0, SharedBaseAddress: 0x0000000800000000, ArchiveRelocationMode: 1.
Narrow klass base: 0x0000000000000000, Narrow klass shift: 0, Narrow klass range: 0x0

GC Precious Log:
<Empty>

Heap:
 garbage-first heap   total 0K, used 0K [0x0000000702800000, 0x0000000800000000)
  region size 2048K, 0 young (0K), 0 survivors (0K)
 Metaspace       used 0K, committed 0K, reserved 0K
  class space    used 0K, committed 0K, reserved 0K

Heap Regions: E=young(eden), S=young(survivor), O=old, HS=humongous(starts), HC=humongous(continues), CS=collection set, F=free, OA=open archive, CA=closed archive, TAMS=top-at-mark-start (previous, next)

Card table byte_map: [0x00000266ea970000,0x00000266eb160000] _byte_map_base: 0x00000266e715c000

Marking Bits (Prev, Next): (CMBitMap*) 0x00000266d77c8bc0, (CMBitMap*) 0x00000266d77c8c00
 Prev Bits: [0x00000266eb950000, 0x00000266ef8b0000)
 Next Bits: [0x00000266ef8b0000, 0x00000266f3810000)

GC Heap History (0 events):
No events

Dll operation events (1 events):
Event: 0.005 Loaded shared library C:\Program Files\Android\Android Studio\jbr\bin\java.dll

Deoptimization events (0 events):
No events

Classes unloaded (0 events):
No events

Classes redefined (0 events):
No events

Internal exceptions (0 events):
No events

VM Operations (0 events):
No events

Events (0 events):
No events


Dynamic libraries:
0x00007ff636dd0000 - 0x00007ff636dda000 	C:\Program Files\Android\Android Studio\jbr\bin\java.exe
0x00007ff9eda90000 - 0x00007ff9edca7000 	C:\WINDOWS\SYSTEM32\ntdll.dll
0x00007ff9ecdf0000 - 0x00007ff9eceb4000 	C:\WINDOWS\System32\KERNEL32.DLL
0x00007ff9eae60000 - 0x00007ff9eb20d000 	C:\WINDOWS\System32\KERNELBASE.dll
0x00007ff9eb3a0000 - 0x00007ff9eb4b1000 	C:\WINDOWS\System32\ucrtbase.dll
0x00007ff974660000 - 0x00007ff974677000 	C:\Program Files\Android\Android Studio\jbr\bin\jli.dll
0x00007ff94be70000 - 0x00007ff94be8b000 	C:\Program Files\Android\Android Studio\jbr\bin\VCRUNTIME140.dll
0x00007ff9ed330000 - 0x00007ff9ed4de000 	C:\WINDOWS\System32\USER32.dll
0x00007ff9eb4c0000 - 0x00007ff9eb4e6000 	C:\WINDOWS\System32\win32u.dll
0x00007ff9dc0b0000 - 0x00007ff9dc343000 	C:\WINDOWS\WinSxS\amd64_microsoft.windows.common-controls_6595b64144ccf1df_6.0.22621.3672_none_2713b9d173822955\COMCTL32.dll
0x00007ff9ecec0000 - 0x00007ff9ecee9000 	C:\WINDOWS\System32\GDI32.dll
0x00007ff9eb8b0000 - 0x00007ff9eb957000 	C:\WINDOWS\System32\msvcrt.dll
0x00007ff9eb280000 - 0x00007ff9eb399000 	C:\WINDOWS\System32\gdi32full.dll
0x00007ff9eadc0000 - 0x00007ff9eae5a000 	C:\WINDOWS\System32\msvcp_win.dll
0x00007ff9ebaa0000 - 0x00007ff9ebad1000 	C:\WINDOWS\System32\IMM32.DLL
0x00007ff9ade40000 - 0x00007ff9ade4c000 	C:\Program Files\Android\Android Studio\jbr\bin\vcruntime140_1.dll
0x00007ff93a480000 - 0x00007ff93a50d000 	C:\Program Files\Android\Android Studio\jbr\bin\msvcp140.dll
0x00007ff91c2d0000 - 0x00007ff91cf53000 	C:\Program Files\Android\Android Studio\jbr\bin\server\jvm.dll
0x00007ff9ed6a0000 - 0x00007ff9ed752000 	C:\WINDOWS\System32\ADVAPI32.dll
0x00007ff9ecef0000 - 0x00007ff9ecf99000 	C:\WINDOWS\System32\sechost.dll
0x00007ff9eb570000 - 0x00007ff9eb598000 	C:\WINDOWS\System32\bcrypt.dll
0x00007ff9eccd0000 - 0x00007ff9ecde4000 	C:\WINDOWS\System32\RPCRT4.dll
0x00007ff9e6320000 - 0x00007ff9e6329000 	C:\WINDOWS\SYSTEM32\WSOCK32.dll
0x00007ff9ea800000 - 0x00007ff9ea84d000 	C:\WINDOWS\SYSTEM32\POWRPROF.dll
0x00007ff9d94c0000 - 0x00007ff9d94f4000 	C:\WINDOWS\SYSTEM32\WINMM.dll
0x00007ff9ebc90000 - 0x00007ff9ebd01000 	C:\WINDOWS\System32\WS2_32.dll
0x00007ff9e4ac0000 - 0x00007ff9e4aca000 	C:\WINDOWS\SYSTEM32\VERSION.dll
0x00007ff9ea620000 - 0x00007ff9ea633000 	C:\WINDOWS\SYSTEM32\UMPDC.dll
0x00007ff9e9db0000 - 0x00007ff9e9dc8000 	C:\WINDOWS\SYSTEM32\kernel.appcore.dll
0x00007ff9dcea0000 - 0x00007ff9dceaa000 	C:\Program Files\Android\Android Studio\jbr\bin\jimage.dll
0x00007ff9d8d20000 - 0x00007ff9d8f52000 	C:\WINDOWS\SYSTEM32\DBGHELP.DLL
0x00007ff9ecfa0000 - 0x00007ff9ed328000 	C:\WINDOWS\System32\combase.dll
0x00007ff9eb7d0000 - 0x00007ff9eb8a7000 	C:\WINDOWS\System32\OLEAUT32.dll
0x00007ff9c0fb0000 - 0x00007ff9c0fe2000 	C:\WINDOWS\SYSTEM32\dbgcore.DLL
0x00007ff9eb4f0000 - 0x00007ff9eb56b000 	C:\WINDOWS\System32\bcryptPrimitives.dll
0x00007ff9dc580000 - 0x00007ff9dc5a5000 	C:\Program Files\Android\Android Studio\jbr\bin\java.dll

dbghelp: loaded successfully - version: 4.0.5 - missing functions: none
symbol engine: initialized successfully - sym options: 0x614 - pdb path: .;C:\Program Files\Android\Android Studio\jbr\bin;C:\WINDOWS\SYSTEM32;C:\WINDOWS\WinSxS\amd64_microsoft.windows.common-controls_6595b64144ccf1df_6.0.22621.3672_none_2713b9d173822955;C:\Program Files\Android\Android Studio\jbr\bin\server

VM Arguments:
java_command: org.jetbrains.kotlin.cli.jvm.K2JVMCompiler @C:\Users\USUARIO\Desktop\ProyectoFormativoBloom\app\build\20240721_8360608718734367791.compiler.options
java_class_path (initial): C:\Users\USUARIO\.gradle\caches\modules-2\files-2.1\org.jetbrains.kotlin\kotlin-compiler-embeddable\1.9.0\2c8c3a7402becca891f12739b3e9fd2dc2adbd7a\kotlin-compiler-embeddable-1.9.0.jar;C:\Users\USUARIO\.gradle\caches\modules-2\files-2.1\org.jetbrains.kotlin\kotlin-stdlib\1.9.0\8ee15ef0c67dc83d874f412d84378d7f0eb50b63\kotlin-stdlib-1.9.0.jar;C:\Users\USUARIO\.gradle\caches\modules-2\files-2.1\org.jetbrains.kotlin\kotlin-script-runtime\1.9.0\4b3102cbbb7e1b58d9d1adf89563f00069ffa7d1\kotlin-script-runtime-1.9.0.jar;C:\Users\USUARIO\.gradle\caches\modules-2\files-2.1\org.jetbrains.kotlin\kotlin-reflect\1.6.10\1cbe9c92c12a94eea200d23c2bbaedaf3daf5132\kotlin-reflect-1.6.10.jar;C:\Users\USUARIO\.gradle\caches\modules-2\files-2.1\org.jetbrains.kotlin\kotlin-daemon-embeddable\1.9.0\186543f5e28cf8d9a0290fecc2cf34301c40a65c\kotlin-daemon-embeddable-1.9.0.jar;C:\Users\USUARIO\.gradle\caches\modules-2\files-2.1\org.jetbrains.intellij.deps\trove4j\1.0.20200330\3afb14d5f9ceb459d724e907a21145e8ff394f02\trove4j-1.0.20200330.jar;C:\Users\USUARIO\.gradle\caches\modules-2\files-2.1\org.jetbrains.kotlin\kotlin-stdlib-common\1.9.0\cd65c21cfd1eec4d44ef09f9f52b6d9f8a720636\kotlin-stdlib-common-1.9.0.jar;C:\Users\USUARIO\.gradle\caches\modules-2\files-2.1\org.jetbrains\annotations\13.0\919f0dfe192fb4e063e7dacadee7f8bb9a2672a9\annotations-13.0.jar
Launcher Type: SUN_STANDARD

[Global flags]
     intx CICompilerCount                          = 4                                         {product} {ergonomic}
     uint ConcGCThreads                            = 3                                         {product} {ergonomic}
     uint G1ConcRefinementThreads                  = 10                                        {product} {ergonomic}
   size_t G1HeapRegionSize                         = 2097152                                   {product} {ergonomic}
    uintx GCDrainStackTargetSize                   = 64                                        {product} {ergonomic}
   size_t InitialHeapSize                          = 266338304                                 {product} {ergonomic}
   size_t MarkStackSize                            = 4194304                                   {product} {ergonomic}
   size_t MaxHeapSize                              = 4253024256                                {product} {ergonomic}
   size_t MinHeapDeltaBytes                        = 2097152                                   {product} {ergonomic}
   size_t MinHeapSize                              = 8388608                                   {product} {ergonomic}
    uintx NonNMethodCodeHeapSize                   = 5839372                                {pd product} {ergonomic}
    uintx NonProfiledCodeHeapSize                  = 122909434                              {pd product} {ergonomic}
    uintx ProfiledCodeHeapSize                     = 122909434                              {pd product} {ergonomic}
    uintx ReservedCodeCacheSize                    = 251658240                              {pd product} {ergonomic}
     bool SegmentedCodeCache                       = true                                      {product} {ergonomic}
   size_t SoftMaxHeapSize                          = 4253024256                             {manageable} {ergonomic}
     bool UseCompressedClassPointers               = true                           {product lp64_product} {ergonomic}
     bool UseCompressedOops                        = true                           {product lp64_product} {ergonomic}
     bool UseG1GC                                  = true                                      {product} {ergonomic}
     bool UseLargePagesIndividualAllocation        = false                                  {pd product} {ergonomic}

Logging:
Log output configuration:
 #0: stdout all=warning uptime,level,tags
 #1: stderr all=off uptime,level,tags

Environment Variables:
PATH=C:\app\USUARIO\product\21c\dbhomeXE\bin;C:\Program Files\Microsoft MPI\Bin\;C:\Program Files\Common Files\Oracle\Java\javapath;C:\Program Files (x86)\Common Files\Oracle\Java\javapath;C:\ProgramData\Oracle\Java\javapath;C:\Windows\system32;C:\Windows;C:\Windows\System32\Wbem;C:\Windows\System32\WindowsPowerShell\v1.0\;C:\Windows\System32\OpenSSH\;C:\Program Files (x86)\NVIDIA Corporation\PhysX\Common;C:\Program Files\NVIDIA Corporation\NVIDIA NvDLISR;C:\Program Files\Microsoft SQL Server\Client SDK\ODBC\170\Tools\Binn\;C:\Program Files\Azure Data Studio\bin;C:\Program Files (x86)\Microsoft SQL Server\160\Tools\Binn\;C:\Program Files\Microsoft SQL Server\160\Tools\Binn\;C:\Program Files\Microsoft SQL Server\160\DTS\Binn\;C:\Program Files\Git\cmd;C:\Program Files (x86)\Microsoft SQL Server\160\DTS\Binn\;C:\Program Files\dotnet\;C:\Program Files\Microsoft SQL Server\150\Tools\Binn\;C:\WINDOWS\system32;C:\WINDOWS;C:\WINDOWS\System32\Wbem;C:\WINDOWS\System32\WindowsPowerShell\v1.0\;C:\WINDOWS\System32\OpenSSH\;C:\Users\USUARIO\AppData\Local\Microsoft\WindowsApps;;C:\Program Files\Azure Data Studio\bin;C:\Users\USUARIO\AppData\Local\Programs\Microsoft VS Code\bin;C:\Users\USUARIO\.dotnet\tools
USERNAME=USUARIO
OS=Windows_NT
PROCESSOR_IDENTIFIER=Intel64 Family 6 Model 165 Stepping 3, GenuineIntel
TMP=C:\Users\USUARIO\AppData\Local\Temp
TEMP=C:\Users\USUARIO\AppData\Local\Temp



Periodic native trim disabled

JNI global refs:
JNI global refs: 0, weak refs: 0

JNI global refs memory usage: 0, weak refs: 0

OOME stack traces (most recent first):
Classloader memory used:


---------------  S Y S T E M  ---------------

OS:
 Windows 11 , 64 bit Build 22621 (10.0.22621.3672)
OS uptime: 0 days 20:31 hours
Hyper-V role detected

CPU: total 12 (initial active 12) (6 cores per cpu, 2 threads per core) family 6 model 165 stepping 3 microcode 0xe0, cx8, cmov, fxsr, ht, mmx, 3dnowpref, sse, sse2, sse3, ssse3, sse4.1, sse4.2, popcnt, lzcnt, tsc, tscinvbit, avx, avx2, aes, erms, clmul, bmi1, bmi2, adx, fma, vzeroupper, clflush, clflushopt, hv
Processor Information for all 12 processors :
  Max Mhz: 2904, Current Mhz: 2904, Mhz Limit: 2904

Memory: 4k page, system-wide physical 16218M (428M free)
TotalPageFile size 24410M (AvailPageFile size 14M)
current process WorkingSet (physical memory assigned to process): 11M, peak: 11M
current process commit charge ("private bytes"): 64M, peak: 318M

vm_info: OpenJDK 64-Bit Server VM (17.0.10+0--11609105) for windows-amd64 JRE (17.0.10+0--11609105), built on Mar 21 2024 19:10:56 by "androidbuild" with MS VC++ 16.10 / 16.11 (VS2019)

END.
